2025-01-31 20:30:22,301 - INFO - test info message
2025-01-31 20:51:06,633 - INFO - test info message
2025-01-31 20:58:08,142 - INFO - test info message
2025-01-31 20:58:40,646 - INFO - test info message
2025-01-31 20:59:46,180 - INFO - test info message
2025-01-31 20:59:56,140 - INFO - test info message
2025-01-31 21:00:33,260 - ERROR - No such comm target registered: jupyter.widget.control
2025-01-31 21:00:33,264 - WARNING - No such comm: f92b0a34-2f76-41d1-94af-fc8e57b6ae48
2025-01-31 21:01:25,416 - INFO - test info message
2025-01-31 21:10:39,977 - INFO - test info message
2025-01-31 21:11:25,079 - WARNING - test from authenticator.py
2025-01-31 21:46:23,624 - INFO - test info message
2025-01-31 21:55:50,591 - INFO - Refreshing Spotify access token...
2025-01-31 22:05:40,553 - INFO - Refreshing Spotify access token...
2025-01-31 22:05:45,835 - INFO - Refreshing Spotify access token...
2025-01-31 22:06:25,114 - INFO - Refreshing Spotify access token...
2025-01-31 22:06:25,213 - INFO - Access token refreshed successfully!
2025-01-31 23:35:42,948 - INFO - Refreshing Spotify access token...
2025-01-31 23:35:43,062 - INFO - Access token refreshed successfully!
2025-01-31 23:40:41,665 - INFO - Note: NumExpr detected 32 cores but "NUMEXPR_MAX_THREADS" not set, so enforcing safe limit of 8.
2025-01-31 23:40:41,667 - INFO - NumExpr defaulting to 8 threads.
2025-01-31 23:43:33,049 - INFO - Refreshing Spotify access token...
2025-01-31 23:43:33,128 - INFO - Access token refreshed successfully!
2025-02-01 00:50:27,883 - INFO - Refreshing Spotify access token...
2025-02-01 00:50:27,972 - INFO - Access token refreshed successfully!
2025-02-01 01:58:15,325 - INFO - Refreshing Spotify access token...
2025-02-01 01:58:15,417 - INFO - Access token refreshed successfully!
2025-02-01 03:32:15,865 - INFO - Refreshing Spotify access token...
2025-02-01 03:32:15,955 - INFO - Access token refreshed successfully!
2025-02-01 04:22:12,962 - WARNING - No results found for ISRC NZAM02001128
2025-02-01 04:27:00,276 - WARNING - No results found for ISRC NZAM02001128
2025-02-01 04:32:14,509 - INFO - Refreshing Spotify access token...
2025-02-01 04:32:14,596 - INFO - Access token refreshed successfully!
2025-02-01 04:32:15,238 - WARNING - No results found for ISRC NZAM02001128
2025-02-01 04:39:41,737 - WARNING - No results found for ISRC NZAM02001128
2025-02-01 04:40:33,372 - WARNING - No results found for ISRC NZAM02001128
2025-02-01 04:41:09,650 - WARNING - No results found for ISRC QZNJW2423715
2025-02-01 04:41:10,695 - WARNING - No results found for ISRC NZAM02001128
2025-02-01 04:42:56,587 - WARNING - No results found for ISRC QZNJW2423715
2025-02-01 04:42:57,701 - WARNING - No results found for ISRC NZAM02001128
2025-02-01 04:46:47,889 - WARNING - No results found for ISRC QZNJW2423715
2025-02-01 04:46:48,925 - WARNING - No results found for ISRC NZAM02001128
2025-02-01 04:49:09,295 - ERROR - No such comm target registered: jupyter.widget.control
2025-02-01 04:49:09,298 - WARNING - No such comm: 05a7119d-580c-4c9d-b701-0707a7ed0c06
2025-02-01 04:49:22,657 - ERROR - No such comm target registered: jupyter.widget.control
2025-02-01 04:49:22,661 - WARNING - No such comm: 2af9c528-105c-4452-b2a6-1fa29a01e88d
2025-02-01 04:49:28,351 - ERROR - No such comm target registered: jupyter.widget.control
2025-02-01 04:49:28,354 - WARNING - No such comm: 6ac1d8b3-c3b4-4bb3-b45d-2026b54fbb27
2025-02-01 05:01:54,109 - ERROR - No such comm target registered: jupyter.widget.control
2025-02-01 05:01:54,117 - WARNING - No such comm: 81dc12c8-70e2-4498-9e01-0e1cc4ee815b
2025-02-01 05:09:55,825 - ERROR - No such comm target registered: jupyter.widget.control
2025-02-01 05:09:55,828 - WARNING - No such comm: 2863545e-aafa-4b2f-9bd1-43de97c70ad7
2025-02-01 05:19:33,210 - ERROR - No such comm target registered: jupyter.widget.control
2025-02-01 05:19:33,215 - WARNING - No such comm: d0f41e0e-4067-4788-8b9b-bd247552a86d
2025-02-01 05:32:26,186 - ERROR - No such comm target registered: jupyter.widget.control
2025-02-01 05:32:26,189 - WARNING - No such comm: 33ba5573-f184-440d-83ce-a8c994bcd8cd
2025-02-01 05:36:17,410 - ERROR - No such comm target registered: jupyter.widget.control
2025-02-01 05:36:17,414 - WARNING - No such comm: 47219ff5-25d5-4e00-95c4-05c9b9388bcf
2025-02-01 19:59:34,496 - INFO - Refreshing Spotify access token...
2025-02-01 19:59:34,590 - INFO - Access token refreshed successfully!
2025-02-01 19:59:37,362 - WARNING - No results found for ISRC QZNJW2423715
2025-02-01 19:59:38,416 - WARNING - No results found for ISRC NZAM02001128
2025-02-01 20:19:20,221 - WARNING - No results found for ISRC QZNJW2423715
2025-02-01 20:19:21,482 - WARNING - No results found for ISRC NZAM02001128
2025-02-01 20:19:45,943 - WARNING - No results found for ISRC QZLL92480334
2025-02-01 20:20:04,345 - WARNING - No results found for ISRC UKXN22459926
2025-02-01 20:20:48,070 - WARNING - No results found for ISRC FR6P11501180
2025-02-01 20:21:21,328 - WARNING - No results found for ISRC TCJPT2289709
2025-02-01 20:21:38,371 - WARNING - No results found for ISRC FR6F31821340
2025-02-01 20:22:13,885 - WARNING - No results found for ISRC USDY42060410
2025-02-01 20:22:31,166 - WARNING - No results found for ISRC QZ5AB1708080
2025-02-01 20:22:47,547 - WARNING - No results found for ISRC TCADL1878978
2025-02-01 20:23:02,527 - WARNING - No results found for ISRC BXIV82279381
2025-02-01 20:23:11,560 - WARNING - No results found for ISRC QZDA42300052
2025-02-01 20:23:17,310 - WARNING - No results found for ISRC TRBUL2300064
2025-02-01 20:23:54,517 - WARNING - No results found for ISRC QZK6L2307991
2025-02-01 20:24:02,733 - WARNING - No results found for ISRC MX2832415361
2025-02-01 20:24:04,625 - WARNING - No results found for ISRC USHM21860309
2025-02-01 20:24:05,856 - WARNING - No results found for ISRC US7VG1878876
2025-02-01 20:24:10,303 - WARNING - No results found for ISRC FR6F32336520
2025-02-01 20:25:03,641 - WARNING - No results found for ISRC KRE672200293
2025-02-01 20:25:04,239 - WARNING - No results found for ISRC QZMHN2025919
2025-02-01 20:25:43,328 - WARNING - No results found for ISRC FR0Z50062905
2025-02-01 20:25:44,553 - WARNING - No results found for ISRC FR10S1809158
2025-02-01 22:24:29,487 - INFO - Note: NumExpr detected 32 cores but "NUMEXPR_MAX_THREADS" not set, so enforcing safe limit of 8.
2025-02-01 22:24:29,488 - INFO - NumExpr defaulting to 8 threads.
2025-02-01 23:10:27,499 - INFO - Note: NumExpr detected 32 cores but "NUMEXPR_MAX_THREADS" not set, so enforcing safe limit of 8.
2025-02-01 23:10:27,500 - INFO - NumExpr defaulting to 8 threads.
2025-02-02 02:57:57,528 - WARNING - No recordings found for ISRC USSM1241865
2025-02-02 02:58:12,267 - WARNING - No results found for ISRC USSM1241865
2025-02-02 03:12:30,679 - WARNING - No recordings found for ISRC TCJPA2463708
2025-02-02 03:14:29,022 - WARNING - No recordings found for ISRC TCJPA2463708
2025-02-02 03:59:56,364 - WARNING - No recordings found for ISRC TCJPA2463708
2025-02-02 04:00:01,465 - WARNING - No recordings found for ISRC USWB12402486
2025-02-02 04:00:20,256 - WARNING - No recordings found for ISRC TCJPA2445163
2025-02-02 04:00:23,672 - WARNING - No recordings found for ISRC RUA1H2415548
2025-02-02 04:00:25,369 - WARNING - No recordings found for ISRC BXWEH2200054
2025-02-02 04:00:33,909 - WARNING - No recordings found for ISRC TCJPA2406007
2025-02-02 04:00:42,461 - WARNING - No recordings found for ISRC GBAYE2300351
2025-02-02 04:01:03,348 - WARNING - No recordings found for ISRC TCJPA2415647
2025-02-02 04:01:10,311 - WARNING - No recordings found for ISRC GX3Q92333626
2025-02-02 04:01:20,716 - WARNING - No recordings found for ISRC TCJPA2420090
2025-02-02 04:01:26,009 - WARNING - No recordings found for ISRC RUA1H2406425
2025-02-02 04:01:46,789 - WARNING - No recordings found for ISRC UKACT2330463
2025-02-02 04:02:00,855 - WARNING - No recordings found for ISRC GBLTF2300027
2025-02-02 04:02:19,606 - WARNING - No recordings found for ISRC USSD12300307
2025-02-02 04:02:31,526 - WARNING - No recordings found for ISRC GXD7G2413058
2025-02-02 04:02:53,862 - WARNING - No recordings found for ISRC SGB502208576
2025-02-02 04:02:57,416 - WARNING - No recordings found for ISRC GBKPL2205333
2025-02-02 04:03:00,816 - WARNING - No recordings found for ISRC BXT622400190
2025-02-02 04:03:08,024 - WARNING - No recordings found for ISRC QMDA72363047
2025-02-02 04:03:14,968 - WARNING - No recordings found for ISRC CA5KR2465999
2025-02-02 04:03:25,508 - WARNING - No recordings found for ISRC GXBAV2381801
2025-02-02 04:03:32,688 - WARNING - No recordings found for ISRC QZMEQ2306756
2025-02-02 04:03:34,385 - WARNING - No recordings found for ISRC INS182401602
2025-02-02 04:03:37,811 - WARNING - No recordings found for ISRC BCAEW2400001
2025-02-02 04:03:39,502 - WARNING - No recordings found for ISRC UKQNV2100272
2025-02-02 04:03:42,891 - WARNING - No recordings found for ISRC ATR981312465
2025-02-02 04:03:47,988 - WARNING - No recordings found for ISRC CLLU22300585
2025-02-02 04:03:51,411 - WARNING - No recordings found for ISRC FRX282306294
2025-02-02 04:04:05,457 - WARNING - No recordings found for ISRC CA5KR2466577
2025-02-02 04:04:17,596 - WARNING - No recordings found for ISRC JPKI02118106
2025-02-02 04:04:47,285 - WARNING - No recordings found for ISRC USUM72318216
2025-02-02 04:05:16,985 - WARNING - No recordings found for ISRC USUM72304895
2025-02-02 04:05:37,895 - WARNING - No recordings found for ISRC USUYG1425645
2025-02-02 04:05:53,378 - WARNING - No recordings found for ISRC QZMEP2285895
2025-02-02 04:06:07,123 - WARNING - No recordings found for ISRC QZNN22329474
2025-02-02 04:06:21,866 - WARNING - No recordings found for ISRC QZDA72340256
2025-02-02 04:06:31,402 - WARNING - No recordings found for ISRC ES31E2401197
2025-02-02 04:06:34,981 - WARNING - No recordings found for ISRC QZ5FN2369288
2025-02-02 04:07:02,783 - WARNING - No recordings found for ISRC USZXT2350766
2025-02-02 04:07:13,198 - WARNING - No recordings found for ISRC AEA0D2036458
2025-02-02 04:07:41,475 - WARNING - No recordings found for ISRC USUM72402910
2025-02-02 04:07:44,884 - WARNING - No recordings found for ISRC QM24S2107064
2025-02-02 04:07:57,328 - WARNING - No recordings found for ISRC QMDA62210237
2025-02-02 04:07:59,026 - WARNING - No recordings found for ISRC GB1102400418
2025-02-02 04:08:00,721 - WARNING - No recordings found for ISRC QM4TW2218961
2025-02-02 04:08:07,666 - WARNING - No recordings found for ISRC TCADP1859309
2025-02-02 04:08:09,358 - WARNING - No recordings found for ISRC BRSME2301957
2025-02-02 04:08:40,726 - WARNING - No recordings found for ISRC TCJPX2396779
2025-02-02 04:08:42,418 - WARNING - No recordings found for ISRC QZNWQ2410638
2025-02-02 04:08:47,514 - WARNING - No recordings found for ISRC BXIV82456543
2025-02-02 04:08:50,907 - WARNING - No recordings found for ISRC CBEFB2400006
2025-02-02 04:09:17,084 - WARNING - No recordings found for ISRC DGA0Q2357844
2025-02-02 04:09:20,483 - WARNING - No recordings found for ISRC SGB502213458
2025-02-02 04:09:23,892 - WARNING - No recordings found for ISRC QZFZ72309552
2025-02-02 04:09:39,310 - WARNING - No recordings found for ISRC USUS12400227
2025-02-02 04:09:41,013 - WARNING - No recordings found for ISRC MXF012200200
2025-02-02 04:09:44,410 - WARNING - No recordings found for ISRC SGB502314277
2025-02-02 04:09:56,434 - WARNING - No recordings found for ISRC QZ9QQ2400185
2025-02-02 04:09:59,972 - WARNING - No recordings found for ISRC ES40B2200055
2025-02-02 04:10:03,362 - WARNING - No recordings found for ISRC SGB502370315
2025-02-02 04:10:23,976 - WARNING - No recordings found for ISRC USUM72402905
2025-02-02 04:10:41,453 - WARNING - No recordings found for ISRC QZTVM2210964
2025-02-02 04:10:50,266 - WARNING - No recordings found for ISRC FRX282477628
2025-02-02 04:10:51,954 - WARNING - No recordings found for ISRC CA5KR2466578
2025-02-02 04:11:00,646 - WARNING - No recordings found for ISRC QZQAY2414774
2025-02-02 04:11:12,744 - WARNING - No recordings found for ISRC UYB282401001
2025-02-02 04:11:18,024 - WARNING - No recordings found for ISRC INY092300003
2025-02-02 04:11:25,145 - WARNING - No recordings found for ISRC FRDDV2200780
2025-02-02 04:11:26,839 - WARNING - No recordings found for ISRC RUA1D2459522
2025-02-02 04:11:38,851 - WARNING - No recordings found for ISRC FRD9M2300690
2025-02-02 04:11:42,268 - WARNING - No recordings found for ISRC USWL12302952
2025-02-02 04:11:52,769 - WARNING - No recordings found for ISRC BK4DA2319233
2025-02-02 04:11:54,466 - WARNING - No recordings found for ISRC QZES82406061
2025-02-02 04:11:59,717 - WARNING - No recordings found for ISRC USUM72402913
2025-02-02 04:12:03,138 - WARNING - No recordings found for ISRC QM6N22466972
2025-02-02 04:12:41,478 - WARNING - No recordings found for ISRC USWL12401327
2025-02-02 04:12:43,176 - WARNING - No recordings found for ISRC BKF5C2400003
2025-02-02 04:12:46,733 - WARNING - No recordings found for ISRC USUM72402906
2025-02-02 04:12:55,234 - WARNING - No recordings found for ISRC DEE861701287
2025-02-02 04:12:58,631 - WARNING - No recordings found for ISRC QM6N21999015
2025-02-02 04:13:12,851 - WARNING - No recordings found for ISRC FR9W12228852
2025-02-02 04:13:34,257 - WARNING - No recordings found for ISRC QZYFZ2445017
2025-02-02 04:13:41,220 - WARNING - No recordings found for ISRC USUM72215366
2025-02-02 04:14:09,621 - WARNING - No recordings found for ISRC QZ7HP2300092
2025-02-02 04:14:13,012 - WARNING - No recordings found for ISRC QMEU32211578
2025-02-02 04:14:14,713 - WARNING - No recordings found for ISRC SGB502214297
2025-02-02 04:14:24,932 - WARNING - No recordings found for ISRC ARF062200275
2025-02-02 04:14:33,443 - WARNING - No recordings found for ISRC BXG6R2300792
2025-02-02 04:14:36,851 - WARNING - No recordings found for ISRC QZTPX2351515
2025-02-02 04:14:59,971 - WARNING - No recordings found for ISRC USC4R2338087
2025-02-02 04:15:07,028 - WARNING - No recordings found for ISRC QZ9QQ2400125
2025-02-02 04:15:15,671 - WARNING - No recordings found for ISRC US23A1566792
2025-02-02 04:15:24,374 - WARNING - No recordings found for ISRC QZTAX2379776
2025-02-02 04:15:31,192 - WARNING - No recordings found for ISRC ING642308945
2025-02-02 04:15:39,952 - WARNING - No recordings found for ISRC QZS632157305
2025-02-02 04:15:46,892 - WARNING - No recordings found for ISRC ES64E2455101
2025-02-02 04:15:52,363 - WARNING - No recordings found for ISRC ING642402634
2025-02-02 04:16:06,842 - WARNING - No recordings found for ISRC SGB502236207
2025-02-02 04:16:40,333 - WARNING - No recordings found for ISRC ZA41S2304411
2025-02-02 04:16:45,739 - WARNING - No recordings found for ISRC NGA3B2219002
2025-02-02 04:16:47,437 - WARNING - No recordings found for ISRC ARP7V2300002
2025-02-02 04:16:54,609 - WARNING - No recordings found for ISRC QZANY1700215
2025-02-02 04:17:01,595 - WARNING - No recordings found for ISRC USUYG1313832
2025-02-02 04:17:08,414 - WARNING - No recordings found for ISRC QZK6N2415960
2025-02-02 04:17:13,496 - WARNING - No recordings found for ISRC QZYHM2362070
2025-02-02 04:17:36,475 - WARNING - No recordings found for ISRC USRE12300484
2025-02-02 04:17:39,877 - WARNING - No recordings found for ISRC INW132418021
2025-02-02 04:17:45,115 - WARNING - No recordings found for ISRC QZN882241742
2025-02-02 04:17:46,807 - WARNING - No recordings found for ISRC INW272200083
2025-02-02 04:18:05,560 - WARNING - No recordings found for ISRC TCAFA2047032
2025-02-02 04:18:10,670 - WARNING - No recordings found for ISRC MX3602300010
2025-02-02 04:18:21,050 - WARNING - No recordings found for ISRC CLPP22200004
2025-02-02 04:18:22,740 - WARNING - No recordings found for ISRC ES7002364101
2025-02-02 04:18:26,323 - WARNING - No recordings found for ISRC QZ93L2125871
2025-02-02 04:19:10,190 - WARNING - No recordings found for ISRC QZMEV2363867
2025-02-02 04:19:19,084 - WARNING - No recordings found for ISRC QM6P42364524
2025-02-02 04:19:22,480 - WARNING - No recordings found for ISRC INS182401563
2025-02-02 04:19:26,217 - WARNING - No recordings found for ISRC CH6542286446
2025-02-02 04:19:27,910 - WARNING - No recordings found for ISRC QM4TW2307105
2025-02-02 04:19:31,322 - WARNING - No recordings found for ISRC USUG12300831
2025-02-02 04:19:34,858 - WARNING - No recordings found for ISRC UYB282401007
2025-02-02 04:19:50,189 - WARNING - No recordings found for ISRC ITD541500554
2025-02-02 04:20:02,297 - WARNING - No recordings found for ISRC TRAA31800147
2025-02-02 04:20:09,290 - WARNING - No recordings found for ISRC QM3DF2219446
2025-02-02 04:20:24,591 - WARNING - No recordings found for ISRC CLPP22300045
2025-02-02 04:20:26,296 - WARNING - No recordings found for ISRC QZW9L2260049
2025-02-02 04:20:31,399 - WARNING - No recordings found for ISRC QMFME2047291
2025-02-02 04:20:34,797 - WARNING - No recordings found for ISRC FR10S2386363
2025-02-02 04:20:36,502 - WARNING - No recordings found for ISRC QZHN22300206
2025-02-02 04:20:38,198 - WARNING - No recordings found for ISRC INV772001001
2025-02-02 04:20:45,148 - WARNING - No recordings found for ISRC NGA3B2318016
2025-02-02 04:21:00,971 - WARNING - No recordings found for ISRC USA2P2331239
2025-02-02 04:21:02,668 - WARNING - No recordings found for ISRC CLPP22300118
2025-02-02 04:21:11,271 - WARNING - No recordings found for ISRC ARF102200411
2025-02-02 04:21:12,964 - WARNING - No recordings found for ISRC FR96X2024977
2025-02-02 04:21:23,305 - WARNING - No recordings found for ISRC MXUM62100001
2025-02-02 04:21:30,113 - WARNING - No recordings found for ISRC USWL12400226
2025-02-02 04:21:31,808 - WARNING - No recordings found for ISRC FR10S2289473
2025-02-02 04:21:36,997 - WARNING - No recordings found for ISRC USAT22400762
2025-02-02 04:21:40,387 - WARNING - No recordings found for ISRC QZFZ72321643
2025-02-02 04:22:02,895 - WARNING - No recordings found for ISRC DGA0M2333309
2025-02-02 04:22:11,645 - WARNING - No recordings found for ISRC SGW502301764
2025-02-02 04:22:16,901 - WARNING - No recordings found for ISRC INR731900731
2025-02-02 04:22:30,530 - WARNING - No recordings found for ISRC INS182401375
2025-02-02 04:22:44,531 - WARNING - No recordings found for ISRC MXB952200017
2025-02-02 04:22:49,636 - WARNING - No recordings found for ISRC SGB502340678
2025-02-02 04:22:54,724 - WARNING - No recordings found for ISRC ING642301070
2025-02-02 04:23:01,528 - WARNING - No recordings found for ISRC USUM72211935
2025-02-02 04:23:17,248 - WARNING - No recordings found for ISRC QZYFZ2347514
2025-02-02 04:23:24,051 - WARNING - No recordings found for ISRC QZDA62161038
2025-02-02 04:23:27,443 - WARNING - No recordings found for ISRC QZNFJ2303104
2025-02-02 04:23:41,424 - WARNING - No recordings found for ISRC QZJJE2390614
2025-02-02 04:23:44,823 - WARNING - No recordings found for ISRC QZ7B82300076
2025-02-02 04:23:46,521 - WARNING - No recordings found for ISRC BCO3K2200121
2025-02-02 04:24:02,016 - WARNING - No recordings found for ISRC QZTGW2100275
2025-02-02 04:24:12,569 - WARNING - No recordings found for ISRC BRWMB2400220
2025-02-02 04:24:30,337 - WARNING - No recordings found for ISRC QZDQH2362804
2025-02-02 04:24:37,420 - WARNING - No recordings found for ISRC TCJPY2352543
2025-02-02 04:24:39,112 - WARNING - No recordings found for ISRC ARUM72300004
2025-02-02 04:24:56,164 - WARNING - No recordings found for ISRC QZ9QQ2300371
2025-02-02 04:25:04,933 - WARNING - No recordings found for ISRC FRX452438249
2025-02-02 04:25:06,626 - WARNING - No recordings found for ISRC USSM22401074
2025-02-02 04:25:11,900 - WARNING - No recordings found for ISRC QM4TX2443609
2025-02-02 04:25:15,394 - WARNING - No recordings found for ISRC USA2P2433586
2025-02-02 04:25:17,089 - WARNING - No recordings found for ISRC QMFMF2330232
2025-02-02 04:25:25,606 - WARNING - No recordings found for ISRC BCX5C2300025
2025-02-02 04:25:27,296 - WARNING - No recordings found for ISRC BX7CP2200001
2025-02-02 04:25:28,990 - WARNING - No recordings found for ISRC MX1722301696
2025-02-02 04:25:41,506 - WARNING - No recordings found for ISRC QM4TX2201027
2025-02-02 04:25:48,313 - WARNING - No recordings found for ISRC RUA1D2384226
2025-02-02 04:25:55,195 - WARNING - No recordings found for ISRC GXBAV2345718
2025-02-02 04:26:01,995 - WARNING - No recordings found for ISRC INM1Q2326022
2025-02-02 04:26:24,269 - WARNING - No recordings found for ISRC QZHN21900087
2025-02-02 04:26:27,811 - WARNING - No recordings found for ISRC USWL12400690
2025-02-02 04:26:31,382 - WARNING - No recordings found for ISRC QZTBB2395775
2025-02-02 04:26:36,469 - WARNING - No recordings found for ISRC BCA6L2300010
2025-02-02 04:26:38,159 - WARNING - No recordings found for ISRC QZMWW2484259
2025-02-02 04:26:39,853 - WARNING - No recordings found for ISRC INS172000876
2025-02-02 04:27:06,105 - WARNING - No recordings found for ISRC MX1722401778
2025-02-02 04:27:41,409 - WARNING - No recordings found for ISRC QZN882353309
2025-02-02 04:27:46,679 - WARNING - No recordings found for ISRC QZTB72322595
2025-02-02 04:27:50,109 - WARNING - No recordings found for ISRC UYB282301041
2025-02-02 04:28:05,642 - WARNING - No recordings found for ISRC ZA41S2225757
2025-02-02 04:28:15,996 - WARNING - No recordings found for ISRC USA2P2346453
2025-02-02 04:28:21,095 - WARNING - No recordings found for ISRC FRX452328816
2025-02-02 04:28:24,491 - WARNING - No recordings found for ISRC FR10S2458617
2025-02-02 04:28:31,282 - WARNING - No recordings found for ISRC TCJPV2340543
2025-02-02 04:28:34,679 - WARNING - No recordings found for ISRC QM6N22408548
2025-02-02 04:28:51,711 - WARNING - No recordings found for ISRC FR96X2351551
2025-02-02 04:28:53,403 - WARNING - No recordings found for ISRC QZJG52355895
2025-02-02 04:29:12,463 - WARNING - No recordings found for ISRC BC91N2200001
2025-02-02 04:29:14,164 - WARNING - No recordings found for ISRC SGB502231965
2025-02-02 04:29:29,825 - WARNING - No recordings found for ISRC QZK6Q2278612
2025-02-02 04:29:35,136 - WARNING - No recordings found for ISRC QZ9QQ2400324
2025-02-02 04:29:41,955 - WARNING - No recordings found for ISRC USSM22301824
2025-02-02 04:29:48,786 - WARNING - No recordings found for ISRC FR96X2111994
2025-02-02 04:30:04,761 - WARNING - No recordings found for ISRC FR2X42424385
2025-02-02 04:30:08,305 - WARNING - No recordings found for ISRC IND291823075
2025-02-02 04:30:23,777 - WARNING - No recordings found for ISRC AEA142213346
2025-02-02 04:30:34,093 - WARNING - No recordings found for ISRC UKXN22273282
2025-02-02 04:30:35,786 - WARNING - No recordings found for ISRC USSD12300241
2025-02-02 04:30:37,476 - WARNING - No recordings found for ISRC QZTAZ2359846
2025-02-02 04:30:39,165 - WARNING - No recordings found for ISRC KRE672300203
2025-02-02 04:30:51,155 - WARNING - No recordings found for ISRC THSOH2402582
2025-02-02 04:30:54,565 - WARNING - No recordings found for ISRC QM4TX2482887
2025-02-02 04:30:56,258 - WARNING - No recordings found for ISRC USUG12106458
2025-02-02 04:31:04,787 - WARNING - No recordings found for ISRC ARF061500454
2025-02-02 04:31:08,198 - WARNING - No recordings found for ISRC FR0Z50017635
2025-02-02 04:31:15,054 - WARNING - No recordings found for ISRC BCOOP2300013
2025-02-02 04:31:18,453 - WARNING - No recordings found for ISRC USA2P2406901
2025-02-02 04:31:20,144 - WARNING - No recordings found for ISRC FR59R2347368
2025-02-02 04:31:25,245 - WARNING - No recordings found for ISRC USWL12301086
2025-02-02 04:31:28,644 - WARNING - No recordings found for ISRC INS181905922
2025-02-02 04:31:32,058 - WARNING - No recordings found for ISRC INT202404272
2025-02-02 04:31:33,768 - WARNING - No recordings found for ISRC TCJPX2397668
2025-02-02 04:31:37,321 - WARNING - No recordings found for ISRC ARLIB2220027
2025-02-02 04:31:40,716 - WARNING - No recordings found for ISRC QMFMF2334329
2025-02-02 04:31:49,378 - WARNING - No recordings found for ISRC GB8KE2318565
2025-02-02 04:32:12,414 - WARNING - No recordings found for ISRC AUBEC2438653
2025-02-02 04:32:15,891 - WARNING - No recordings found for ISRC INH102313673
2025-02-02 04:32:29,909 - WARNING - No recordings found for ISRC DEAF71578230
2025-02-02 04:32:33,482 - WARNING - No recordings found for ISRC QZ9QQ2200182
2025-02-02 04:32:37,068 - WARNING - No recordings found for ISRC INUM72300284
2025-02-02 04:32:42,213 - WARNING - No recordings found for ISRC QZ22B1944940
2025-02-02 04:32:43,901 - WARNING - No recordings found for ISRC USDA12211641
2025-02-02 04:32:55,997 - WARNING - No recordings found for ISRC BX5EU2300034
2025-02-02 04:32:59,387 - WARNING - No recordings found for ISRC INS181900313
2025-02-02 04:33:11,556 - WARNING - No recordings found for ISRC QZNJV2414655
2025-02-02 04:33:16,819 - WARNING - No recordings found for ISRC QZHN52089091
2025-02-02 04:33:25,367 - WARNING - No recordings found for ISRC DEE882214257
2025-02-02 04:33:45,955 - WARNING - No recordings found for ISRC USUM72402909
2025-02-02 04:33:55,115 - WARNING - No recordings found for ISRC USE7D2000268
2025-02-02 04:33:56,804 - WARNING - No recordings found for ISRC UYS642300003
2025-02-02 04:34:03,779 - WARNING - No recordings found for ISRC QZHNA2429530
2025-02-02 04:34:05,491 - WARNING - No recordings found for ISRC QZPLR2286558
2025-02-02 04:34:15,681 - WARNING - No recordings found for ISRC QZTJ32100010
2025-02-02 04:34:17,378 - WARNING - No recordings found for ISRC QMEU32216759
2025-02-02 04:34:24,268 - WARNING - No recordings found for ISRC QZTAT2174000
2025-02-02 04:34:38,236 - WARNING - No recordings found for ISRC QZ9QQ2400330
2025-02-02 04:34:46,739 - WARNING - No recordings found for ISRC QZDQH2148787
2025-02-02 04:34:50,124 - WARNING - No recordings found for ISRC QZ9QQ2300040
2025-02-02 04:34:53,523 - WARNING - No recordings found for ISRC ES8481701126
2025-02-02 04:35:00,347 - WARNING - No recordings found for ISRC FR96X1996525
2025-02-02 04:35:08,857 - WARNING - No recordings found for ISRC COA6W2102282
2025-02-02 04:35:10,550 - WARNING - No recordings found for ISRC CACWV2000813
2025-02-02 04:35:14,237 - WARNING - No recordings found for ISRC QZ9QQ2200104
2025-02-02 04:35:17,625 - WARNING - No recordings found for ISRC FRX452426440
2025-02-02 04:35:28,067 - WARNING - No recordings found for ISRC CLPP22400062
2025-02-02 04:35:33,164 - WARNING - No recordings found for ISRC GBU2Z2200001
2025-02-02 04:35:43,350 - WARNING - No recordings found for ISRC QMFMF2346943
2025-02-02 04:35:48,477 - WARNING - No recordings found for ISRC BC2TS2400002
2025-02-02 04:36:02,479 - WARNING - No recordings found for ISRC QZ9QQ2300978
2025-02-02 04:36:04,177 - WARNING - No recordings found for ISRC QM6P41989279
2025-02-02 04:36:07,564 - WARNING - No recordings found for ISRC QM4TW2137909
2025-02-02 04:36:12,681 - WARNING - No recordings found for ISRC TCJPX2395275
2025-02-02 04:36:19,485 - WARNING - No recordings found for ISRC SGB502262965
2025-02-02 04:36:26,792 - WARNING - No recordings found for ISRC USE831522275
2025-02-02 04:36:38,691 - WARNING - No recordings found for ISRC QZWDE2303666
2025-02-02 04:36:45,812 - WARNING - No recordings found for ISRC QM4TX2320032
2025-02-02 04:36:59,796 - WARNING - No recordings found for ISRC RUAGV2400963
2025-02-02 04:37:17,369 - WARNING - No recordings found for ISRC MXH912300041
2025-02-02 04:37:19,063 - WARNING - No recordings found for ISRC TRBTU2300129
2025-02-02 04:37:24,172 - WARNING - No recordings found for ISRC ES5052200746
2025-02-02 04:37:32,680 - WARNING - No recordings found for ISRC FR59R1989925
2025-02-02 04:37:36,090 - WARNING - No recordings found for ISRC QZ9QQ2300772
2025-02-02 04:37:55,187 - WARNING - No recordings found for ISRC QZDA41998629
2025-02-02 04:37:56,886 - WARNING - No recordings found for ISRC USAT22400743
2025-02-02 04:38:00,449 - WARNING - No recordings found for ISRC QZYFZ2414978
2025-02-02 04:38:22,601 - WARNING - No recordings found for ISRC BXG6R2301027
2025-02-02 04:38:24,300 - WARNING - No recordings found for ISRC DEA622401272
2025-02-02 04:38:31,273 - WARNING - No recordings found for ISRC QZNWT2471497
2025-02-02 04:38:36,364 - WARNING - No recordings found for ISRC QZWA32200363
2025-02-02 04:38:38,060 - WARNING - No recordings found for ISRC GXBAV2380562
2025-02-02 04:38:46,899 - WARNING - No recordings found for ISRC KRC712300070
2025-02-02 04:38:57,215 - WARNING - No recordings found for ISRC BRRGE2300535
2025-02-02 04:38:58,903 - WARNING - No recordings found for ISRC USAT22403358
2025-02-02 04:39:12,676 - WARNING - No recordings found for ISRC QZW9M2268068
2025-02-02 04:39:19,479 - WARNING - No recordings found for ISRC GBQ2F1157401
2025-02-02 04:39:21,174 - WARNING - No recordings found for ISRC FR6V82106359
2025-02-02 04:39:26,269 - WARNING - No recordings found for ISRC QZNWS2249445
2025-02-02 04:39:36,599 - WARNING - No recordings found for ISRC USDXS2202642
2025-02-02 04:39:50,580 - WARNING - No recordings found for ISRC BCM9A2300098
2025-02-02 04:39:53,979 - WARNING - No recordings found for ISRC QM4TX2261587
2025-02-02 04:39:55,674 - WARNING - No recordings found for ISRC SGB502228663
2025-02-02 04:39:59,085 - WARNING - No recordings found for ISRC THMOB2412776
2025-02-02 04:40:02,493 - WARNING - No recordings found for ISRC USUM72209716
2025-02-02 04:40:04,191 - WARNING - No recordings found for ISRC USUM72315218
2025-02-02 04:40:05,882 - WARNING - No recordings found for ISRC QZMEM2268044
2025-02-02 04:40:10,980 - WARNING - No recordings found for ISRC INT502012314
2025-02-02 04:40:31,754 - WARNING - No recordings found for ISRC QZMWW2396002
2025-02-02 04:40:38,550 - WARNING - No recordings found for ISRC QZDA52413180
2025-02-02 04:40:47,641 - WARNING - No recordings found for ISRC CA5KR2466576
2025-02-02 04:40:49,336 - WARNING - No recordings found for ISRC SE5752322602
2025-02-02 04:40:51,027 - WARNING - No recordings found for ISRC QZNWU2434670
2025-02-02 04:41:20,985 - WARNING - No recordings found for ISRC FR96X1934664
2025-02-02 04:41:43,472 - WARNING - No recordings found for ISRC FR6V82562979
2025-02-02 04:41:55,584 - WARNING - No recordings found for ISRC DELM42201660
2025-02-02 04:42:09,190 - WARNING - No recordings found for ISRC QZHN32201081
2025-02-02 04:42:19,647 - WARNING - No recordings found for ISRC QM6N22330624
2025-02-02 04:42:24,766 - WARNING - No recordings found for ISRC UYB282384010
2025-02-02 04:42:28,173 - WARNING - No recordings found for ISRC TCJPX2359315
2025-02-02 04:42:35,263 - WARNING - No recordings found for ISRC ZZOPM2342003
2025-02-02 04:42:44,202 - WARNING - No recordings found for ISRC BRP8C1200082
2025-02-02 04:42:52,742 - WARNING - No recordings found for ISRC UYB282393001
2025-02-02 04:43:01,539 - WARNING - No recordings found for ISRC GBARL2202349
2025-02-02 04:43:04,933 - WARNING - No recordings found for ISRC INW262317919
2025-02-02 04:43:14,011 - WARNING - No recordings found for ISRC USSD11600135
2025-02-02 04:43:34,812 - WARNING - No recordings found for ISRC THSOH2204284
2025-02-02 04:43:41,771 - WARNING - No recordings found for ISRC BRWMB2400319
2025-02-02 04:43:43,468 - WARNING - No recordings found for ISRC THSOH2307725
2025-02-02 04:43:45,159 - WARNING - No recordings found for ISRC TCJPX2359697
2025-02-02 04:43:50,572 - WARNING - No recordings found for ISRC QZNJZ2122225
2025-02-02 04:44:06,086 - WARNING - No recordings found for ISRC USWL12302932
2025-02-02 04:44:14,818 - WARNING - No recordings found for ISRC TCJPX2356080
2025-02-02 04:44:19,919 - WARNING - No recordings found for ISRC GBBGY1743613
2025-02-02 04:44:26,823 - WARNING - No recordings found for ISRC INS181900798
2025-02-02 04:44:28,518 - WARNING - No recordings found for ISRC BRRGE2400266
2025-02-02 04:44:44,022 - WARNING - No recordings found for ISRC QZNWU2402635
2025-02-02 04:44:47,423 - WARNING - No recordings found for ISRC US66W2401066
2025-02-02 04:45:10,314 - WARNING - No recordings found for ISRC LBA132301385
2025-02-02 04:45:20,858 - WARNING - No recordings found for ISRC AR5UH2302301
2025-02-02 04:45:24,272 - WARNING - No recordings found for ISRC BKS182300001
2025-02-02 04:45:25,969 - WARNING - No recordings found for ISRC DETT12295003
2025-02-02 04:45:27,665 - WARNING - No recordings found for ISRC FR10S2014119
2025-02-02 04:45:32,763 - WARNING - No recordings found for ISRC QZ9QQ2200167
2025-02-02 04:45:51,995 - WARNING - No recordings found for ISRC PYC842302802
2025-02-02 04:45:55,387 - WARNING - No recordings found for ISRC QZHZ62124573
2025-02-02 04:46:26,607 - WARNING - No recordings found for ISRC ITT4X2200015
2025-02-02 04:46:33,397 - WARNING - No recordings found for ISRC QMFME2394931
2025-02-02 04:46:38,640 - WARNING - No recordings found for ISRC USUM72402908
2025-02-02 04:46:47,369 - WARNING - No recordings found for ISRC QZNWQ2098063
2025-02-02 04:46:56,340 - WARNING - No recordings found for ISRC QZLBC2302789
2025-02-02 04:46:58,036 - WARNING - No recordings found for ISRC CA5KR1576667
2025-02-02 04:47:01,606 - WARNING - No recordings found for ISRC UYB282201027
2025-02-02 04:47:08,438 - WARNING - No recordings found for ISRC USLZJ1789654
2025-02-02 04:47:13,689 - WARNING - No recordings found for ISRC QM6P42224728
2025-02-02 04:47:15,391 - WARNING - No recordings found for ISRC DEUM72402667
2025-02-02 04:47:18,813 - WARNING - No recordings found for ISRC CLPP22200027
2025-02-02 04:47:27,465 - WARNING - No recordings found for ISRC QM7282354441
2025-02-02 04:47:37,667 - WARNING - No recordings found for ISRC BRSME2400249
2025-02-02 04:47:39,367 - WARNING - No recordings found for ISRC QZNWU2332981
2025-02-02 04:47:44,633 - WARNING - No recordings found for ISRC QZMZ92407626
2025-02-02 04:47:51,445 - WARNING - No recordings found for ISRC PLB172300028
2025-02-02 04:47:54,844 - WARNING - No recordings found for ISRC BXBAL2300029
2025-02-02 04:47:58,270 - WARNING - No recordings found for ISRC GBZDN2200058
2025-02-02 04:47:59,965 - WARNING - No recordings found for ISRC QM4TW2445323
2025-02-02 04:48:08,509 - WARNING - No recordings found for ISRC QZS1Z1649083
2025-02-02 04:48:13,601 - WARNING - No recordings found for ISRC QZW9N2244606
2025-02-02 04:48:18,700 - WARNING - No recordings found for ISRC GBMJG2330804
2025-02-02 04:48:23,804 - WARNING - No recordings found for ISRC SGB502240495
2025-02-02 04:48:41,283 - WARNING - No recordings found for ISRC USUM72002612
2025-02-02 04:48:48,102 - WARNING - No recordings found for ISRC MXUM72006106
2025-02-02 04:48:49,794 - WARNING - No recordings found for ISRC USAT21602011
2025-02-02 04:49:06,942 - WARNING - No recordings found for ISRC ING642301152
2025-02-02 04:49:19,180 - WARNING - No recordings found for ISRC ING642303429
2025-02-02 04:49:35,217 - WARNING - No recordings found for ISRC ARC082300049
2025-02-02 04:49:36,907 - WARNING - No recordings found for ISRC QZLQR2052977
2025-02-02 04:49:42,015 - WARNING - No recordings found for ISRC QZLQR2199831
2025-02-02 04:49:43,718 - WARNING - No recordings found for ISRC TCAGZ2348437
2025-02-02 04:49:52,229 - WARNING - No recordings found for ISRC BXG6R2100310
2025-02-02 04:49:55,778 - WARNING - No recordings found for ISRC DEG932204253
2025-02-02 04:50:13,251 - WARNING - No recordings found for ISRC UYB282364003
2025-02-02 04:50:16,637 - WARNING - No recordings found for ISRC USA2P2415440
2025-02-02 04:50:20,033 - WARNING - No recordings found for ISRC QM6P42393140
2025-02-02 04:50:25,285 - WARNING - No recordings found for ISRC USSD12300381
2025-02-02 04:50:26,982 - WARNING - No recordings found for ISRC ES64E2455099
2025-02-02 04:50:35,491 - WARNING - No recordings found for ISRC QZES52309758
2025-02-02 04:50:37,207 - WARNING - No recordings found for ISRC TCJPX2358241
2025-02-02 04:50:42,729 - WARNING - No recordings found for ISRC USCGH2304209
2025-02-02 04:50:44,419 - WARNING - No recordings found for ISRC QM4TX1940916
2025-02-02 04:50:47,995 - WARNING - No recordings found for ISRC SGB502323140
2025-02-02 04:50:53,096 - WARNING - No recordings found for ISRC DGA092378278
2025-02-02 04:50:59,911 - WARNING - No recordings found for ISRC USWL12400891
2025-02-02 04:51:08,428 - WARNING - No recordings found for ISRC QZTB22230138
2025-02-02 04:51:15,411 - WARNING - No recordings found for ISRC QZ9QQ2300776
2025-02-02 04:51:17,105 - WARNING - No recordings found for ISRC DGA0L2303147
2025-02-02 04:51:22,214 - WARNING - No recordings found for ISRC TCAFQ2131059
2025-02-02 04:51:32,439 - WARNING - No recordings found for ISRC ZA41S2300062
2025-02-02 04:51:35,847 - WARNING - No recordings found for ISRC NLZ542100934
2025-02-02 04:51:39,269 - WARNING - No recordings found for ISRC INH102100261
2025-02-02 04:51:44,362 - WARNING - No recordings found for ISRC LBA132400142
2025-02-02 04:51:51,218 - WARNING - No recordings found for ISRC USSD12000196
2025-02-02 04:52:01,437 - WARNING - No recordings found for ISRC BCLWS2302458
2025-02-02 04:52:03,153 - WARNING - No recordings found for ISRC INS181905023
2025-02-02 04:52:06,564 - WARNING - No recordings found for ISRC GBMJG2302966
2025-02-02 04:52:11,691 - WARNING - No recordings found for ISRC TCAHL2371470
2025-02-02 04:52:13,389 - WARNING - No recordings found for ISRC LBA132400447
2025-02-02 04:52:18,724 - WARNING - No recordings found for ISRC MXF012400279
2025-02-02 04:52:28,927 - WARNING - No recordings found for ISRC INUM72000090
2025-02-02 04:52:34,041 - WARNING - No recordings found for ISRC USUYG1499990
2025-02-02 04:52:46,311 - WARNING - No recordings found for ISRC QMFME2168127
2025-02-02 04:52:48,001 - WARNING - No recordings found for ISRC INUM72100076
2025-02-02 04:53:10,556 - WARNING - No recordings found for ISRC ING642302554
2025-02-02 04:53:14,146 - WARNING - No recordings found for ISRC QZTB32354348
2025-02-02 04:53:21,116 - WARNING - No recordings found for ISRC QMCE31500250
2025-02-02 04:53:31,303 - WARNING - No recordings found for ISRC USWB12401052
2025-02-02 04:53:41,758 - WARNING - No recordings found for ISRC QMFME2231905
2025-02-02 04:53:43,447 - WARNING - No recordings found for ISRC BEW512200007
2025-02-02 04:53:52,229 - WARNING - No recordings found for ISRC AR3N42100008
2025-02-02 04:53:55,637 - WARNING - No recordings found for ISRC AR5UH2301964
2025-02-02 04:53:59,021 - WARNING - No recordings found for ISRC BRWMB2400738
2025-02-02 04:54:17,970 - WARNING - No recordings found for ISRC SGB502242208
2025-02-02 04:54:19,670 - WARNING - No recordings found for ISRC INS402000018
2025-02-02 04:54:24,787 - WARNING - No recordings found for ISRC INM432400019
2025-02-02 04:54:26,490 - WARNING - No recordings found for ISRC INS182203495
2025-02-02 04:55:02,610 - WARNING - No recordings found for ISRC GX8MK2200002
2025-02-02 04:55:04,304 - WARNING - No recordings found for ISRC QZFZ62111678
2025-02-02 04:55:06,001 - WARNING - No recordings found for ISRC USA3D0700101
2025-02-02 04:55:16,352 - WARNING - No recordings found for ISRC USWL12400695
2025-02-02 04:55:19,758 - WARNING - No recordings found for ISRC ZA56E2415633
2025-02-02 04:55:31,828 - WARNING - No recordings found for ISRC USA2P2350242
2025-02-02 04:55:53,292 - WARNING - No recordings found for ISRC USQX92400566
2025-02-02 04:56:15,910 - WARNING - No recordings found for ISRC INZ031408749
2025-02-02 04:56:19,478 - WARNING - No recordings found for ISRC QZTAZ2365806
2025-02-02 04:56:21,178 - WARNING - No recordings found for ISRC QMDA72134986
2025-02-02 04:56:27,959 - WARNING - No recordings found for ISRC QMRSZ2300371
2025-02-02 04:56:29,662 - WARNING - No recordings found for ISRC QM4TW2467636
2025-02-02 04:56:41,744 - WARNING - No recordings found for ISRC BXKG22400584
2025-02-02 04:56:43,435 - WARNING - No recordings found for ISRC UYB282401008
2025-02-02 04:56:53,838 - WARNING - No recordings found for ISRC USY252283746
2025-02-02 04:56:55,531 - WARNING - No recordings found for ISRC INS181905489
2025-02-02 04:57:04,192 - WARNING - No recordings found for ISRC QZHN92130190
2025-02-02 04:57:05,884 - WARNING - No recordings found for ISRC INS181701138
2025-02-02 04:57:11,104 - WARNING - No recordings found for ISRC DGA092216622
2025-02-02 04:57:12,807 - WARNING - No recordings found for ISRC QZFZ72331100
2025-02-02 04:57:21,329 - WARNING - No recordings found for ISRC USSD12100318
2025-02-02 04:57:33,443 - WARNING - No recordings found for ISRC FRX282404289
2025-02-02 04:57:39,217 - WARNING - No recordings found for ISRC QMPKX1823521
2025-02-02 04:57:40,911 - WARNING - No recordings found for ISRC ES71G2211486
2025-02-02 04:57:46,258 - WARNING - No recordings found for ISRC QZK6N2350050
2025-02-02 04:57:53,251 - WARNING - No recordings found for ISRC ARRWN2000010
2025-02-02 04:58:07,423 - WARNING - No recordings found for ISRC USUM72217627
2025-02-02 04:58:10,825 - WARNING - No recordings found for ISRC PTVI11700181
2025-02-02 04:58:12,543 - WARNING - No recordings found for ISRC QZTBF2315869
2025-02-02 04:58:26,213 - WARNING - No recordings found for ISRC QZXSR2400016
2025-02-02 04:58:31,323 - WARNING - No recordings found for ISRC BR4WM2300002
2025-02-02 04:58:40,027 - WARNING - No recordings found for ISRC LBA132200641
2025-02-02 04:58:41,717 - WARNING - No recordings found for ISRC UYB282276000
2025-02-02 04:58:46,995 - WARNING - No recordings found for ISRC CLA1D2300086
2025-02-02 04:58:59,110 - WARNING - No recordings found for ISRC QZMFV2000188
2025-02-02 04:59:06,255 - WARNING - No recordings found for ISRC BRRGE2400093
2025-02-02 04:59:19,948 - WARNING - No recordings found for ISRC ARP7V2300024
2025-02-02 04:59:26,755 - WARNING - No recordings found for ISRC QM4DW1718219
2025-02-02 04:59:30,148 - WARNING - No recordings found for ISRC BK4DA2414210
2025-02-02 04:59:50,743 - WARNING - No recordings found for ISRC ING642402006
2025-02-02 04:59:52,435 - WARNING - No recordings found for ISRC BCM9A2100020
2025-02-02 05:00:04,767 - WARNING - No recordings found for ISRC FRX282385759
2025-02-02 05:00:08,178 - WARNING - No recordings found for ISRC INA1I1900134
2025-02-02 05:00:09,881 - WARNING - No recordings found for ISRC INN172010039
2025-02-02 05:00:14,995 - WARNING - No recordings found for ISRC ES5022400953
2025-02-02 05:00:16,687 - WARNING - No recordings found for ISRC USA2P2355925
2025-02-02 05:00:30,822 - WARNING - No recordings found for ISRC CLPP22300109
2025-02-02 05:00:34,221 - WARNING - No recordings found for ISRC SGB502295030
2025-02-02 05:00:39,323 - WARNING - No recordings found for ISRC QZDA62409561
2025-02-02 05:00:42,862 - WARNING - No recordings found for ISRC QMEU31704830
2025-02-02 05:00:46,263 - WARNING - No recordings found for ISRC SGW502328333
2025-02-02 05:01:15,545 - WARNING - No recordings found for ISRC TRCGH2300006
2025-02-02 05:01:17,237 - WARNING - No recordings found for ISRC QZAKB2164097
2025-02-02 05:01:18,942 - WARNING - No recordings found for ISRC ZA56E2303708
2025-02-02 05:01:22,364 - WARNING - No recordings found for ISRC USWL12303270
2025-02-02 05:01:24,060 - WARNING - No recordings found for ISRC QZ9QQ2400124
2025-02-02 05:01:25,766 - WARNING - No recordings found for ISRC QZTPX2361588
2025-02-02 05:01:39,616 - WARNING - No recordings found for ISRC FR2X42304449
2025-02-02 05:01:44,727 - WARNING - No recordings found for ISRC QM6N22383605
2025-02-02 05:01:53,256 - WARNING - No recordings found for ISRC TCAFC2063050
2025-02-02 05:01:54,952 - WARNING - No recordings found for ISRC INT502310027
2025-02-02 05:02:12,348 - WARNING - No recordings found for ISRC GBARL2400577
2025-02-02 05:02:19,141 - WARNING - No recordings found for ISRC MXF012301101
2025-02-02 05:02:22,545 - WARNING - No recordings found for ISRC SE5752309413
2025-02-02 05:02:25,970 - WARNING - No recordings found for ISRC USL4Q1967883
2025-02-02 05:02:27,659 - WARNING - No recordings found for ISRC BXG6R2400152
2025-02-02 05:02:39,568 - WARNING - No recordings found for ISRC NLHR52116995
2025-02-02 05:02:42,976 - WARNING - No recordings found for ISRC SGB502390555
2025-02-02 05:02:49,814 - WARNING - No recordings found for ISRC MXUM71900299
2025-02-02 05:02:53,198 - WARNING - No recordings found for ISRC USUYG1464173
2025-02-02 05:02:58,307 - WARNING - No recordings found for ISRC ROGRA2400294
2025-02-02 05:03:03,421 - WARNING - No recordings found for ISRC QZHNA2455146
2025-02-02 05:03:10,404 - WARNING - No recordings found for ISRC USDXS2201491
2025-02-02 05:03:14,175 - WARNING - No recordings found for ISRC DGA0M2361023
2025-02-02 05:03:15,868 - WARNING - No recordings found for ISRC QZMWW2396003
2025-02-02 05:03:19,271 - WARNING - No recordings found for ISRC UYB282301033
2025-02-02 05:03:27,921 - WARNING - No recordings found for ISRC INUM72100032
2025-02-02 05:03:33,190 - WARNING - No recordings found for ISRC INUM72100040
2025-02-02 05:03:38,296 - WARNING - No recordings found for ISRC DEEE72301691
2025-02-02 05:04:00,853 - WARNING - No recordings found for ISRC AEA0Q2102685
2025-02-02 05:04:02,543 - WARNING - No recordings found for ISRC FRX201706358
2025-02-02 05:04:06,128 - WARNING - No recordings found for ISRC QZDQH2257609
2025-02-02 05:04:07,833 - WARNING - No recordings found for ISRC USAT21603705
2025-02-02 05:04:11,417 - WARNING - No recordings found for ISRC USMH92305308
2025-02-02 05:04:13,117 - WARNING - No recordings found for ISRC USUM71713890
2025-02-02 05:04:23,548 - WARNING - No recordings found for ISRC USA2P1472414
2025-02-02 05:04:35,455 - WARNING - No recordings found for ISRC BCM9A2300102
2025-02-02 05:04:44,148 - WARNING - No recordings found for ISRC COA3C1500662
2025-02-02 05:04:45,840 - WARNING - No recordings found for ISRC BXBAL2200001
2025-02-02 05:04:47,538 - WARNING - No recordings found for ISRC INUM72000050
2025-02-02 05:04:50,930 - WARNING - No recordings found for ISRC USA2P2313930
2025-02-02 05:04:56,351 - WARNING - No recordings found for ISRC GBMJG2221437
2025-02-02 05:05:08,480 - WARNING - No recordings found for ISRC USUM72402911
2025-02-02 05:05:10,180 - WARNING - No recordings found for ISRC IDUM72200281
2025-02-02 05:05:22,347 - WARNING - No recordings found for ISRC USPJT2300015
2025-02-02 05:05:25,738 - WARNING - No recordings found for ISRC TCAHK2398379
2025-02-02 05:05:32,725 - WARNING - No recordings found for ISRC BK4DA2319487
2025-02-02 05:05:34,415 - WARNING - No recordings found for ISRC USSD12000562
2025-02-02 05:05:41,201 - WARNING - No recordings found for ISRC USANG2274868
2025-02-02 05:05:46,300 - WARNING - No recordings found for ISRC DGA082213263
2025-02-02 05:05:47,998 - WARNING - No recordings found for ISRC QZAPG1864732
2025-02-02 05:05:51,395 - WARNING - No recordings found for ISRC INS182115577
2025-02-02 05:05:58,362 - WARNING - No recordings found for ISRC GBGLW2300286
2025-02-02 05:06:00,059 - WARNING - No recordings found for ISRC QM6P41842818
2025-02-02 05:06:01,755 - WARNING - No recordings found for ISRC TCAGT2316203
2025-02-02 05:06:08,737 - WARNING - No recordings found for ISRC QZNWV2251985
2025-02-02 05:06:10,429 - WARNING - No recordings found for ISRC QZTVM2103308
2025-02-02 05:06:12,131 - WARNING - No recordings found for ISRC QM6P42230294
2025-02-02 05:06:13,969 - WARNING - No recordings found for ISRC UYB282300010
2025-02-02 05:06:19,260 - WARNING - No recordings found for ISRC SGB502288016
2025-02-02 05:06:21,676 - WARNING - No recordings found for ISRC MXUM71801874
2025-02-02 05:06:26,921 - WARNING - No recordings found for ISRC GBLFP2486472
2025-02-02 05:06:33,751 - WARNING - No recordings found for ISRC QZDQH2204268
2025-02-02 05:06:35,436 - WARNING - No recordings found for ISRC SGB502330766
2025-02-02 05:06:43,971 - WARNING - No recordings found for ISRC ARACN2200010
2025-02-02 05:06:49,223 - WARNING - No recordings found for ISRC USUM72400711
2025-02-02 05:07:01,484 - WARNING - No recordings found for ISRC NLYK91700007
2025-02-02 05:07:04,885 - WARNING - No recordings found for ISRC BXW922200018
2025-02-02 05:07:06,582 - WARNING - No recordings found for ISRC TCAHM2333379
2025-02-02 05:07:11,711 - WARNING - No recordings found for ISRC BXW922200010
2025-02-02 05:07:28,896 - WARNING - No recordings found for ISRC GBLV62301933
2025-02-02 05:07:32,289 - WARNING - No recordings found for ISRC QMFMG2300652
2025-02-02 05:07:42,534 - WARNING - No recordings found for ISRC BRWMB2301411
2025-02-02 05:07:56,446 - WARNING - No recordings found for ISRC QMFMF2333158
2025-02-02 05:07:58,148 - WARNING - No recordings found for ISRC USSD12100003
2025-02-02 05:08:06,645 - WARNING - No recordings found for ISRC INS172224058
2025-02-02 05:08:11,753 - WARNING - No recordings found for ISRC QZFZ22348066
2025-02-02 05:08:19,250 - WARNING - No recordings found for ISRC QZXD92300001
2025-02-02 05:08:22,641 - WARNING - No recordings found for ISRC CAQ8S1636173
2025-02-02 05:08:29,585 - WARNING - No recordings found for ISRC MXUM72400426
2025-02-02 05:08:31,289 - WARNING - No recordings found for ISRC ES98I2200881
2025-02-02 05:08:36,418 - WARNING - No recordings found for ISRC BRTLW2100037
2025-02-02 05:08:43,516 - WARNING - No recordings found for ISRC QZTBA2358000
2025-02-02 05:08:48,624 - WARNING - No recordings found for ISRC ARAE52400089
2025-02-02 05:09:00,567 - WARNING - No recordings found for ISRC TCAGR2239010
2025-02-02 05:09:02,266 - WARNING - No recordings found for ISRC USDXS2201437
2025-02-02 05:09:07,672 - WARNING - No recordings found for ISRC FRX282414002
2025-02-02 05:09:12,762 - WARNING - No recordings found for ISRC BX7CP1900008
2025-02-02 05:09:17,989 - WARNING - No recordings found for ISRC BXDW72200033
2025-02-02 05:09:28,194 - WARNING - No recordings found for ISRC ES11D2300869
2025-02-02 05:09:29,891 - WARNING - No recordings found for ISRC INS181800353
2025-02-02 05:09:31,588 - WARNING - No recordings found for ISRC INN852200075
2025-02-02 05:09:36,678 - WARNING - No recordings found for ISRC COC011531204
2025-02-02 05:09:40,172 - WARNING - No recordings found for ISRC ES64E2323174
2025-02-02 05:09:43,869 - WARNING - No recordings found for ISRC QMDA62163216
2025-02-02 05:09:48,975 - WARNING - No recordings found for ISRC QZQAY2209019
2025-02-02 05:09:54,281 - WARNING - No recordings found for ISRC SGB502322635
2025-02-02 05:09:57,730 - WARNING - No recordings found for ISRC QZNFJ2402312
2025-02-02 05:09:59,421 - WARNING - No recordings found for ISRC FRX762391695
2025-02-02 05:10:04,719 - WARNING - No recordings found for ISRC UYB282240021
2025-02-02 05:10:22,154 - WARNING - No recordings found for ISRC GB8KE2311722
2025-02-02 05:10:31,031 - WARNING - No recordings found for ISRC QZ5AB2004464
2025-02-02 05:10:32,727 - WARNING - No recordings found for ISRC QZW9L2351948
2025-02-02 05:10:34,421 - WARNING - No recordings found for ISRC QZHNC2078374
2025-02-02 05:10:44,612 - WARNING - No recordings found for ISRC BXW922200014
2025-02-02 05:10:46,307 - WARNING - No recordings found for ISRC QM4TW2352901
2025-02-02 05:10:47,998 - WARNING - No recordings found for ISRC QZZU32400012
2025-02-02 05:10:49,692 - WARNING - No recordings found for ISRC FRX872121045
2025-02-02 05:10:53,248 - WARNING - No recordings found for ISRC SE5BU1734432
2025-02-02 05:10:56,631 - WARNING - No recordings found for ISRC PKA0A1800272
2025-02-02 05:10:58,324 - WARNING - No recordings found for ISRC BRMKP2300072
2025-02-02 05:11:03,431 - WARNING - No recordings found for ISRC GBAYE2300346
2025-02-02 05:11:10,424 - WARNING - No recordings found for ISRC TR0012300295
2025-02-02 05:11:20,764 - WARNING - No recordings found for ISRC AUOXM2200511
2025-02-02 05:11:24,162 - WARNING - No recordings found for ISRC INS182101589
2025-02-02 05:11:27,564 - WARNING - No recordings found for ISRC TCADG1788520
2025-02-02 05:11:30,952 - WARNING - No recordings found for ISRC TRAUR2200002
2025-02-02 05:11:37,763 - WARNING - No recordings found for ISRC TCJPV2335795
2025-02-02 05:11:49,854 - WARNING - No recordings found for ISRC QZ7HP2300096
2025-02-02 05:11:54,930 - WARNING - No recordings found for ISRC GBX722200156
2025-02-02 05:12:00,056 - WARNING - No recordings found for ISRC QZ5HC2126407
2025-02-02 05:12:03,692 - WARNING - No recordings found for ISRC PEBQ91892842
2025-02-02 05:12:07,096 - WARNING - No recordings found for ISRC USSM12002468
2025-02-02 05:12:17,560 - WARNING - No recordings found for ISRC QZW9M2275605
2025-02-02 05:12:31,484 - WARNING - No recordings found for ISRC FR2X41775359
2025-02-02 05:12:40,106 - WARNING - No recordings found for ISRC CAENV2255241
2025-02-02 05:12:43,546 - WARNING - No recordings found for ISRC USDXS2202347
2025-02-02 05:12:48,653 - WARNING - No recordings found for ISRC USUG12201485
2025-02-02 05:13:01,340 - WARNING - No recordings found for ISRC QM3DF2276204
2025-02-02 05:13:06,470 - WARNING - No recordings found for ISRC CAHQJ1924665
2025-02-02 05:13:08,175 - WARNING - No recordings found for ISRC DGA092395791
2025-02-02 05:13:09,866 - WARNING - No recordings found for ISRC INU252412475
2025-02-02 05:13:28,781 - WARNING - No recordings found for ISRC IDA601902645
2025-02-02 05:13:33,892 - WARNING - No recordings found for ISRC GBARL2300512
2025-02-02 05:13:35,592 - WARNING - No recordings found for ISRC IDA192303865
2025-02-02 05:13:40,726 - WARNING - No recordings found for ISRC SGB502214308
2025-02-02 05:13:46,023 - WARNING - No recordings found for ISRC LBA132400598
2025-02-02 05:13:51,118 - WARNING - No recordings found for ISRC TRBYM2000179
2025-02-02 05:13:58,091 - WARNING - No recordings found for ISRC USL4Q2255557
2025-02-02 05:14:08,448 - WARNING - No recordings found for ISRC BK4DA2407011
2025-02-02 05:14:18,695 - WARNING - No recordings found for ISRC USUYG1126838
2025-02-02 05:14:20,390 - WARNING - No recordings found for ISRC CBEGD2400001
2025-02-02 05:14:23,799 - WARNING - No recordings found for ISRC ING642306994
2025-02-02 05:15:02,113 - WARNING - No recordings found for ISRC SGB502236932
2025-02-02 05:15:15,935 - WARNING - No recordings found for ISRC UYB282001011
2025-02-02 05:15:31,631 - WARNING - No recordings found for ISRC QMFME2394856
2025-02-02 05:15:36,874 - WARNING - No recordings found for ISRC ITV951900027
2025-02-02 05:15:49,013 - WARNING - No recordings found for ISRC QZ7B81700011
2025-02-02 05:15:54,099 - WARNING - No recordings found for ISRC DGA082396900
2025-02-02 05:15:59,187 - WARNING - No recordings found for ISRC TCABP1349192
2025-02-02 05:16:06,002 - WARNING - No recordings found for ISRC QZHN62294886
2025-02-02 05:16:14,549 - WARNING - No recordings found for ISRC QZDYA1800024
2025-02-02 05:16:16,238 - WARNING - No recordings found for ISRC MX1721901080
2025-02-02 05:16:21,352 - WARNING - No recordings found for ISRC THSOH2301617
2025-02-02 05:16:23,045 - WARNING - No recordings found for ISRC TRBUL2400025
2025-02-02 05:16:24,735 - WARNING - No recordings found for ISRC USAT21001199
2025-02-02 05:16:38,526 - WARNING - No recordings found for ISRC QZN882262975
2025-02-02 05:16:40,232 - WARNING - No recordings found for ISRC DGA082216479
2025-02-02 05:16:54,204 - WARNING - No recordings found for ISRC MX1722101437
2025-02-02 05:16:59,326 - WARNING - No recordings found for ISRC GBARL2201233
2025-02-02 05:17:02,724 - WARNING - No recordings found for ISRC QZ9QQ2200130
2025-02-02 05:17:18,203 - WARNING - No recordings found for ISRC FR96X2229645
2025-02-02 05:17:26,737 - WARNING - No recordings found for ISRC USAR12300479
2025-02-02 05:17:36,984 - WARNING - No recordings found for ISRC TCAHS2392343
2025-02-02 05:17:47,880 - WARNING - No recordings found for ISRC BCX5C2300005
2025-02-02 05:17:54,853 - WARNING - No recordings found for ISRC INS7A2352922
2025-02-02 05:17:59,946 - WARNING - No recordings found for ISRC GX5PW2400002
2025-02-02 05:18:22,231 - WARNING - No recordings found for ISRC INS182000105
2025-02-02 05:18:27,331 - WARNING - No recordings found for ISRC INA091916753
2025-02-02 05:18:30,725 - WARNING - No recordings found for ISRC QZMZ92325070
2025-02-02 05:18:48,011 - WARNING - No recordings found for ISRC QZ7R42353128
2025-02-02 05:19:13,771 - WARNING - No recordings found for ISRC BXKG22200702
2025-02-02 05:19:20,587 - WARNING - No recordings found for ISRC BR27R2300050
2025-02-02 05:19:22,301 - WARNING - No recordings found for ISRC TRBIY2400022
2025-02-02 05:19:30,922 - WARNING - No recordings found for ISRC RUA1D2328942
2025-02-02 05:19:32,616 - WARNING - No recordings found for ISRC QMFMF2141501
2025-02-02 05:19:37,716 - WARNING - No recordings found for ISRC JPWP02202338
2025-02-02 05:19:49,879 - WARNING - No recordings found for ISRC ITC6Q2200040
2025-02-02 05:20:03,944 - WARNING - No recordings found for ISRC QZZ662405291
2025-02-02 05:20:07,338 - WARNING - No recordings found for ISRC BCDMP2300045
2025-02-02 05:20:14,162 - WARNING - No recordings found for ISRC MXUM72006101
2025-02-02 05:20:19,440 - WARNING - No recordings found for ISRC USDXS2304292
2025-02-02 05:20:21,135 - WARNING - No recordings found for ISRC FRX872398704
2025-02-02 05:20:24,545 - WARNING - No recordings found for ISRC USWL12400693
2025-02-02 05:20:31,355 - WARNING - No recordings found for ISRC TCAGY2352982
2025-02-02 05:20:36,607 - WARNING - No recordings found for ISRC INY091700035
2025-02-02 05:20:48,839 - WARNING - No recordings found for ISRC TH2DY2100061
2025-02-02 05:20:52,226 - WARNING - No recordings found for ISRC QZQMB2105022
2025-02-02 05:20:53,918 - WARNING - No recordings found for ISRC CLPP22200035
2025-02-02 05:21:08,591 - WARNING - No recordings found for ISRC QZES92025420
2025-02-02 05:21:13,708 - WARNING - No recordings found for ISRC ARIXB2303741
2025-02-02 05:21:22,222 - WARNING - No recordings found for ISRC FRX872442897
2025-02-02 05:21:25,627 - WARNING - No recordings found for ISRC INS172300521
2025-02-02 05:21:30,847 - WARNING - No recordings found for ISRC USA2P2358699
2025-02-02 05:21:47,886 - WARNING - No recordings found for ISRC QZHN72010372
2025-02-02 05:21:49,581 - WARNING - No recordings found for ISRC QZZEC2322612
2025-02-02 05:21:56,569 - WARNING - No recordings found for ISRC MXUM72300426
2025-02-02 05:21:59,969 - WARNING - No recordings found for ISRC QMANG2210115
2025-02-02 05:22:05,065 - WARNING - No recordings found for ISRC QM6N22456323
2025-02-02 05:22:34,346 - WARNING - No recordings found for ISRC GBLPF6787759
2025-02-02 05:22:37,749 - WARNING - No recordings found for ISRC FR9W12223053
2025-02-02 05:22:49,808 - WARNING - No recordings found for ISRC QZQMB2102927
2025-02-02 05:22:58,316 - WARNING - No recordings found for ISRC USRH12206010
2025-02-02 05:23:06,992 - WARNING - No recordings found for ISRC UYB282113006
2025-02-02 05:23:12,090 - WARNING - No recordings found for ISRC HKK972201900
2025-02-02 05:23:24,209 - WARNING - No recordings found for ISRC USCGJ2325873
2025-02-02 05:23:25,924 - WARNING - No recordings found for ISRC QZNWR2410858
2025-02-02 05:23:38,142 - WARNING - No recordings found for ISRC TCAHM2313718
2025-02-02 05:23:47,007 - WARNING - No recordings found for ISRC US23A1567556
2025-02-02 05:23:50,407 - WARNING - No recordings found for ISRC HKC371724447
2025-02-02 05:23:55,507 - WARNING - No recordings found for ISRC USDXS2200425
2025-02-02 05:24:00,630 - WARNING - No recordings found for ISRC USRV82300987
2025-02-02 05:24:05,731 - WARNING - No recordings found for ISRC USUM72307453
2025-02-02 05:24:09,126 - WARNING - No recordings found for ISRC ES5152101308
2025-02-02 05:24:17,796 - WARNING - No recordings found for ISRC BRRGE2300377
2025-02-02 05:24:19,489 - WARNING - No recordings found for ISRC INY092200047
2025-02-02 05:24:24,670 - WARNING - No recordings found for ISRC ARGT32100004
2025-02-02 05:24:29,911 - WARNING - No recordings found for ISRC UYB282301044
2025-02-02 05:24:31,600 - WARNING - No recordings found for ISRC USUYG1433884
2025-02-02 05:24:36,717 - WARNING - No recordings found for ISRC SGB502232845
2025-02-02 05:24:46,930 - WARNING - No recordings found for ISRC SGB502283597
2025-02-02 05:24:50,323 - WARNING - No recordings found for ISRC QM3DF2224166
2025-02-02 05:24:52,018 - WARNING - No recordings found for ISRC USUYG1142409
2025-02-02 05:24:57,106 - WARNING - No recordings found for ISRC ZA56E2416068
2025-02-02 05:24:58,855 - WARNING - No recordings found for ISRC BRTS22300004
2025-02-02 05:25:02,257 - WARNING - No recordings found for ISRC QZHNB2325204
2025-02-02 05:25:04,173 - WARNING - No recordings found for ISRC INS182400465
2025-02-02 05:25:05,874 - WARNING - No recordings found for ISRC GBMW42301521
2025-02-02 05:25:11,454 - WARNING - No recordings found for ISRC GBMJG2304014
2025-02-02 05:25:19,959 - WARNING - No recordings found for ISRC USAT22311000
2025-02-02 05:25:26,939 - WARNING - No recordings found for ISRC INS7A2268218
2025-02-02 05:25:30,335 - WARNING - No recordings found for ISRC BRWNV2100001
2025-02-02 05:25:32,029 - WARNING - No recordings found for ISRC INT501947392
2025-02-02 05:25:33,728 - WARNING - No recordings found for ISRC QMFMF1907946
2025-02-02 05:25:40,771 - WARNING - No recordings found for ISRC USAT22102236
2025-02-02 05:26:03,733 - WARNING - No recordings found for ISRC TRADS2300163
2025-02-02 05:26:14,869 - WARNING - No recordings found for ISRC BCX5C2300009
2025-02-02 05:26:28,769 - WARNING - No recordings found for ISRC THSOH2206117
2025-02-02 05:26:30,488 - WARNING - No recordings found for ISRC PLUM72400116
2025-02-02 05:26:49,685 - WARNING - No recordings found for ISRC QZZ8B2348977
2025-02-02 05:27:03,692 - WARNING - No recordings found for ISRC FR96X2441011
2025-02-02 05:27:05,395 - WARNING - No recordings found for ISRC INS181900027
2025-02-02 05:27:08,959 - WARNING - No recordings found for ISRC TCJPV2350416
2025-02-02 05:27:14,356 - WARNING - No recordings found for ISRC BKFGT2400043
2025-02-02 05:27:17,901 - WARNING - No recordings found for ISRC UKKP22400242
2025-02-02 05:27:21,302 - WARNING - No recordings found for ISRC FRX452016963
2025-02-02 05:27:22,993 - WARNING - No recordings found for ISRC ITL771547756
2025-02-02 05:27:28,079 - WARNING - No recordings found for ISRC INS182006593
2025-02-02 05:27:38,720 - WARNING - No recordings found for ISRC THSOH2301669
2025-02-02 05:27:57,497 - WARNING - No recordings found for ISRC UYB282101020
2025-02-02 05:28:04,321 - WARNING - No recordings found for ISRC SE6XW2261728
2025-02-02 05:28:18,541 - WARNING - No recordings found for ISRC QZ9QQ2400016
2025-02-02 05:28:28,750 - WARNING - No recordings found for ISRC US23A8387456
2025-02-02 05:28:34,003 - WARNING - No recordings found for ISRC USWL12401428
2025-02-02 05:28:37,974 - WARNING - No recordings found for ISRC FR59R2351699
2025-02-02 05:28:41,369 - WARNING - No recordings found for ISRC FRX202467703
2025-02-02 05:28:43,068 - WARNING - No recordings found for ISRC NLZ541800787
2025-02-02 05:28:51,579 - WARNING - No recordings found for ISRC BRWMB2300643
2025-02-02 05:29:08,775 - WARNING - No recordings found for ISRC JPB602401000
2025-02-02 05:29:10,469 - WARNING - No recordings found for ISRC SGB502268229
2025-02-02 05:29:15,855 - WARNING - No recordings found for ISRC USUG12200031
2025-02-02 05:29:22,846 - WARNING - No recordings found for ISRC CHF432200041
2025-02-02 05:29:24,542 - WARNING - No recordings found for ISRC USCGJ2190595
2025-02-02 05:29:27,942 - WARNING - No recordings found for ISRC QZWBE2305157
2025-02-02 05:29:33,047 - WARNING - No recordings found for ISRC USCRB2400015
2025-02-02 05:29:38,133 - WARNING - No recordings found for ISRC DEQN42200113
2025-02-02 05:29:41,534 - WARNING - No recordings found for ISRC GBUQQ1927301
2025-02-02 05:29:46,803 - WARNING - No recordings found for ISRC JPK632301501
2025-02-02 05:29:57,357 - WARNING - No recordings found for ISRC GX4LG2101513
2025-02-02 05:30:04,253 - WARNING - No recordings found for ISRC SGB502250429
2025-02-02 05:30:18,140 - WARNING - No recordings found for ISRC ES71G2405104
2025-02-02 05:30:19,836 - WARNING - No recordings found for ISRC INS182401138
2025-02-02 05:30:36,268 - WARNING - No recordings found for ISRC INS181905948
2025-02-02 05:30:37,995 - WARNING - No recordings found for ISRC BCWV12300010
2025-02-02 05:30:43,136 - WARNING - No recordings found for ISRC MXB952100097
2025-02-02 05:30:48,240 - WARNING - No recordings found for ISRC QZSYP2279666
2025-02-02 05:30:55,193 - WARNING - No recordings found for ISRC QM4TX2442925
2025-02-02 05:31:00,293 - WARNING - No recordings found for ISRC ES31E2305760
2025-02-02 05:31:03,693 - WARNING - No recordings found for ISRC QZHN32468120
2025-02-02 05:31:10,502 - WARNING - No recordings found for ISRC QZK6L2235624
2025-02-02 05:31:13,922 - WARNING - No recordings found for ISRC QZHZ42274754
2025-02-02 05:31:24,393 - WARNING - No recordings found for ISRC US7VG2202994
2025-02-02 05:31:27,797 - WARNING - No recordings found for ISRC USA2P2428771
2025-02-02 05:31:49,402 - WARNING - No recordings found for ISRC USWL12400540
2025-02-02 05:32:21,465 - WARNING - No recordings found for ISRC QM24S2400575
2025-02-02 05:32:23,176 - WARNING - No recordings found for ISRC FR2X42341769
2025-02-02 05:32:45,548 - WARNING - No recordings found for ISRC QZHN42330211
2025-02-02 05:32:51,174 - WARNING - No recordings found for ISRC INA2M2000029
2025-02-02 05:32:54,583 - WARNING - No recordings found for ISRC IDA832108560
2025-02-02 05:33:03,073 - WARNING - No recordings found for ISRC MXA411400136
2025-02-02 05:33:27,445 - WARNING - No recordings found for ISRC QZMEQ2168582
2025-02-02 05:33:29,140 - WARNING - No recordings found for ISRC USUM72214628
2025-02-02 05:33:30,830 - WARNING - No recordings found for ISRC GBLQN1619802
2025-02-02 05:33:43,041 - WARNING - No recordings found for ISRC TCJPU2397752
2025-02-02 05:33:44,742 - WARNING - No recordings found for ISRC QMDA72266870
2025-02-02 05:33:48,153 - WARNING - No recordings found for ISRC USWL12400615
2025-02-02 05:33:49,862 - WARNING - No recordings found for ISRC ARACN2200009
2025-02-02 05:33:53,688 - WARNING - No recordings found for ISRC ES5151801626
2025-02-02 05:33:57,263 - WARNING - No recordings found for ISRC ARC082400003
2025-02-02 05:34:00,662 - WARNING - No recordings found for ISRC GBARL2400167
2025-02-02 05:34:05,788 - WARNING - No recordings found for ISRC QZ9QQ2400258
2025-02-02 05:34:17,869 - WARNING - No recordings found for ISRC QZW9L2379698
2025-02-02 05:34:19,563 - WARNING - No recordings found for ISRC USUG12301604
2025-02-02 05:34:24,662 - WARNING - No recordings found for ISRC USUM72318210
2025-02-02 05:34:28,051 - WARNING - No recordings found for ISRC AR3N42100003
2025-02-02 05:34:29,740 - WARNING - No recordings found for ISRC UYB282101016
2025-02-02 05:34:31,481 - WARNING - No recordings found for ISRC DGA082226042
2025-02-02 05:34:34,876 - WARNING - No recordings found for ISRC QZFYX2083092
2025-02-02 05:34:38,346 - WARNING - No recordings found for ISRC QZTGS2200203
2025-02-02 05:34:41,748 - WARNING - No recordings found for ISRC BRWMB0700761
2025-02-02 05:34:47,002 - WARNING - No recordings found for ISRC USUM72304040
2025-02-02 05:34:52,475 - WARNING - No recordings found for ISRC DGA052306119
2025-02-02 05:34:57,580 - WARNING - No recordings found for ISRC USUYG1502416
2025-02-02 05:34:59,314 - WARNING - No recordings found for ISRC QMFMF2214684
2025-02-02 05:35:18,119 - WARNING - No recordings found for ISRC QM4TX2108898
2025-02-02 05:35:25,117 - WARNING - No recordings found for ISRC USRC12401281
2025-02-02 05:35:30,616 - WARNING - No recordings found for ISRC RUAGV2401222
2025-02-02 05:35:34,063 - WARNING - No recordings found for ISRC QM6MZ2424574
2025-02-02 05:35:37,460 - WARNING - No recordings found for ISRC FRX452361306
2025-02-02 05:35:40,861 - WARNING - No recordings found for ISRC TCAHZ2460573
2025-02-02 05:35:51,102 - WARNING - No recordings found for ISRC QZS8H2110965
2025-02-02 05:35:58,045 - WARNING - No recordings found for ISRC USCM51300136
2025-02-02 05:35:59,750 - WARNING - No recordings found for ISRC USE7D2300024
2025-02-02 05:36:16,240 - WARNING - No recordings found for ISRC CA5KR2463646
2025-02-02 05:36:21,343 - WARNING - No recordings found for ISRC USA2P2201542
2025-02-02 05:36:29,868 - WARNING - No recordings found for ISRC DGA0Q2317094
2025-02-02 05:36:36,693 - WARNING - No recordings found for ISRC FRX762464095
2025-02-02 05:36:47,778 - WARNING - No recordings found for ISRC INUM72400400
2025-02-02 05:36:49,473 - WARNING - No recordings found for ISRC USAT21102233
2025-02-02 05:36:51,175 - WARNING - No recordings found for ISRC INA1I2000881
2025-02-02 05:36:52,873 - WARNING - No recordings found for ISRC BKLVW2300013
2025-02-02 05:36:54,562 - WARNING - No recordings found for ISRC QZFYZ2047242
2025-02-02 05:36:57,963 - WARNING - No recordings found for ISRC DGA082298936
2025-02-02 05:37:04,797 - WARNING - No recordings found for ISRC QZAKB2006575
2025-02-02 05:37:06,494 - WARNING - No recordings found for ISRC BRUM72300667
2025-02-02 05:37:09,877 - WARNING - No recordings found for ISRC QM4TX2337349
2025-02-02 05:37:13,275 - WARNING - No recordings found for ISRC USLD91702518
2025-02-02 05:37:14,985 - WARNING - No recordings found for ISRC DGA072377012
2025-02-02 05:37:28,885 - WARNING - No recordings found for ISRC USKRS2374406
2025-02-02 05:37:35,689 - WARNING - No recordings found for ISRC QM6MZ2414114
2025-02-02 05:37:42,670 - WARNING - No recordings found for ISRC USSM22200594
2025-02-02 05:37:47,790 - WARNING - No recordings found for ISRC TCJPW2320943
2025-02-02 05:37:49,483 - WARNING - No recordings found for ISRC QM9WM1900144
2025-02-02 05:37:52,879 - WARNING - No recordings found for ISRC USDY42287367
2025-02-02 05:37:56,366 - WARNING - No recordings found for ISRC INH102303862
2025-02-02 05:38:13,979 - WARNING - No recordings found for ISRC QM6MZ2440135
2025-02-02 05:38:27,630 - WARNING - No recordings found for ISRC QMDA72384363
2025-02-02 05:38:34,609 - WARNING - No recordings found for ISRC QZES92173120
2025-02-02 05:38:51,787 - WARNING - No recordings found for ISRC QM6N22283397
2025-02-02 05:39:03,883 - WARNING - No recordings found for ISRC BK4DA2410627
2025-02-02 05:39:12,555 - WARNING - No recordings found for ISRC TCJPU2357716
2025-02-02 05:39:19,519 - WARNING - No recordings found for ISRC ESA011561085
2025-02-02 05:39:22,920 - WARNING - No recordings found for ISRC IEWNY2348674
2025-02-02 05:39:28,305 - WARNING - No recordings found for ISRC THG012400089
2025-02-02 05:39:31,702 - WARNING - No recordings found for ISRC THSOH2308099
2025-02-02 05:39:33,391 - WARNING - No recordings found for ISRC USUM72201829
2025-02-02 05:39:43,903 - WARNING - No recordings found for ISRC QM6P41715585
2025-02-02 05:39:45,593 - WARNING - No recordings found for ISRC QZZNV2400046
2025-02-02 05:39:49,015 - WARNING - No recordings found for ISRC EGA092200106
2025-02-02 05:39:52,796 - WARNING - No recordings found for ISRC BCFWR2100002
2025-02-02 05:39:54,495 - WARNING - No recordings found for ISRC FR26V2072992
2025-02-02 05:39:57,899 - WARNING - No recordings found for ISRC TRAUR2300024
2025-02-02 05:40:04,972 - WARNING - No recordings found for ISRC USDXS2202170
2025-02-02 05:40:10,105 - WARNING - No recordings found for ISRC ES31E2304202
2025-02-02 05:40:15,235 - WARNING - No recordings found for ISRC TCADS1892866
2025-02-02 05:40:26,323 - WARNING - No recordings found for ISRC USA2P2432334
2025-02-02 05:40:40,962 - WARNING - No recordings found for ISRC FR10S2319442
2025-02-02 05:40:44,380 - WARNING - No recordings found for ISRC INC622212231
2025-02-02 05:40:47,779 - WARNING - No recordings found for ISRC DETO32300012
2025-02-02 05:40:49,474 - WARNING - No recordings found for ISRC TCABX1403338
2025-02-02 05:40:51,172 - WARNING - No recordings found for ISRC FR10S2380774
2025-02-02 05:40:52,870 - WARNING - No recordings found for ISRC QMFMF2131945
2025-02-02 05:41:01,920 - WARNING - No recordings found for ISRC USLZJ2475867
2025-02-02 05:41:09,157 - WARNING - No recordings found for ISRC ROGRA2400380
2025-02-02 05:41:24,817 - WARNING - No recordings found for ISRC INU252204222
2025-02-02 05:41:26,515 - WARNING - No recordings found for ISRC GB28K1500038
2025-02-02 05:41:29,903 - WARNING - No recordings found for ISRC USWL11700273
2025-02-02 05:41:38,648 - WARNING - No recordings found for ISRC BXW922100034
2025-02-02 05:42:00,817 - WARNING - No recordings found for ISRC BK4DA2318657
2025-02-02 05:42:17,238 - WARNING - No recordings found for ISRC INUM72100052
2025-02-02 05:42:18,946 - WARNING - No recordings found for ISRC MXF011400346
2025-02-02 05:42:35,138 - WARNING - No recordings found for ISRC QZWA32200398
2025-02-02 05:42:36,829 - WARNING - No recordings found for ISRC UYB282201029
2025-02-02 05:42:40,218 - WARNING - No recordings found for ISRC AUMEV2314402
2025-02-02 05:42:47,222 - WARNING - No recordings found for ISRC QM6N22374183
2025-02-02 05:42:50,623 - WARNING - No recordings found for ISRC BCA2A2200128
2025-02-02 05:42:55,756 - WARNING - No recordings found for ISRC USZXT2351612
2025-02-02 05:42:59,157 - WARNING - No recordings found for ISRC TCAFW2108079
2025-02-02 05:43:16,521 - WARNING - No recordings found for ISRC ING642304903
2025-02-02 05:43:18,219 - WARNING - No recordings found for ISRC DGA062340713
2025-02-02 05:43:26,709 - WARNING - No recordings found for ISRC QMFMG2346935
2025-02-02 05:43:33,541 - WARNING - No recordings found for ISRC BCM9A2300096
2025-02-02 05:43:36,928 - WARNING - No recordings found for ISRC QZDQH1908793
2025-02-02 05:43:40,331 - WARNING - No recordings found for ISRC SGB502203331
2025-02-02 05:43:57,452 - WARNING - No recordings found for ISRC QZH6S1900806
2025-02-02 05:44:07,814 - WARNING - No recordings found for ISRC INS922000422
2025-02-02 05:44:15,254 - WARNING - No recordings found for ISRC LBA0H1700138
2025-02-02 05:44:20,365 - WARNING - No recordings found for ISRC QMFMF2007349
2025-02-02 05:44:30,929 - WARNING - No recordings found for ISRC USA2B2308081
2025-02-02 05:44:32,625 - WARNING - No recordings found for ISRC BK4DA2412746
2025-02-02 05:44:43,462 - WARNING - No recordings found for ISRC QM4TW2488674
2025-02-02 05:44:51,962 - WARNING - No recordings found for ISRC USDY42003198
2025-02-02 05:44:59,186 - WARNING - No recordings found for ISRC GX3Q92325690
2025-02-02 05:45:15,421 - WARNING - No recordings found for ISRC ING582100020
2025-02-02 05:45:34,884 - WARNING - No recordings found for ISRC QZNJZ2368122
2025-02-02 05:45:36,579 - WARNING - No recordings found for ISRC FR96X1865569
2025-02-02 05:45:40,112 - WARNING - No recordings found for ISRC QZMZ92307983
2025-02-02 05:45:52,915 - WARNING - No recordings found for ISRC TCAIA2470789
2025-02-02 05:46:01,552 - WARNING - No recordings found for ISRC BCZT72400033
2025-02-02 05:46:06,709 - WARNING - No recordings found for ISRC INS182006274
2025-02-02 05:46:10,129 - WARNING - No recordings found for ISRC USWL12400691
2025-02-02 05:46:17,466 - WARNING - No recordings found for ISRC DGA0Q2317098
2025-02-02 05:46:29,572 - WARNING - No recordings found for ISRC QZTVM2225505
2025-02-02 05:46:36,390 - WARNING - No recordings found for ISRC FRX452325278
2025-02-02 05:46:43,198 - WARNING - No recordings found for ISRC QMCE31700918
2025-02-02 05:46:46,618 - WARNING - No recordings found for ISRC QZ22B1946607
2025-02-02 05:46:51,764 - WARNING - No recordings found for ISRC TCJPV2340443
2025-02-02 05:46:53,469 - WARNING - No recordings found for ISRC UYB282376016
2025-02-02 05:46:58,761 - WARNING - No recordings found for ISRC BCN5Z2200003
2025-02-02 05:47:11,175 - WARNING - No recordings found for ISRC BCDE52200008
2025-02-02 05:47:14,585 - WARNING - No recordings found for ISRC UYB282379019
2025-02-02 05:47:18,003 - WARNING - No recordings found for ISRC INY091700034
2025-02-02 05:47:19,703 - WARNING - No recordings found for ISRC SE6XW2288884
2025-02-02 05:47:21,399 - WARNING - No recordings found for ISRC DGA062354084
2025-02-02 05:47:23,100 - WARNING - No recordings found for ISRC QZNJV2032699
2025-02-02 05:47:24,797 - WARNING - No recordings found for ISRC QZTB22273485
2025-02-02 05:47:26,494 - WARNING - No recordings found for ISRC QZZ662413549
2025-02-02 05:47:44,073 - WARNING - No recordings found for ISRC USA2P2243895
2025-02-02 05:47:50,869 - WARNING - No recordings found for ISRC USSM22202811
2025-02-02 05:47:52,563 - WARNING - No recordings found for ISRC ZB1OS2300183
2025-02-02 05:47:54,255 - WARNING - No recordings found for ISRC ARRWN2000082
2025-02-02 05:47:57,666 - WARNING - No recordings found for ISRC QZDQH2143285
2025-02-02 05:48:02,774 - WARNING - No recordings found for ISRC SE6XY2215995
2025-02-02 05:48:07,895 - WARNING - No recordings found for ISRC QZ9QQ2300783
2025-02-02 05:48:09,590 - WARNING - No recordings found for ISRC BCZZV2200032
2025-02-02 05:48:11,279 - WARNING - No recordings found for ISRC INS181900274
2025-02-02 05:48:16,544 - WARNING - No recordings found for ISRC SGB502208098
2025-02-02 05:48:25,225 - WARNING - No recordings found for ISRC DGA0H2357875
2025-02-02 05:48:34,159 - WARNING - No recordings found for ISRC QZNW72249626
2025-02-02 05:48:37,570 - WARNING - No recordings found for ISRC QZHNC2184834
2025-02-02 05:48:39,259 - WARNING - No recordings found for ISRC INS172001990
2025-02-02 05:48:42,654 - WARNING - No recordings found for ISRC USANG2210588
2025-02-02 05:48:49,640 - WARNING - No recordings found for ISRC AUXN22297509
2025-02-02 05:48:51,332 - WARNING - No recordings found for ISRC FRPZ92417040
2025-02-02 05:48:53,022 - WARNING - No recordings found for ISRC QZHN62167502
2025-02-02 05:48:54,735 - WARNING - No recordings found for ISRC QM6N22452000
2025-02-02 05:48:56,425 - WARNING - No recordings found for ISRC QZNFJ2402633
2025-02-02 05:48:58,114 - WARNING - No recordings found for ISRC ZA4MG1700001
2025-02-02 05:49:06,614 - WARNING - No recordings found for ISRC QMDA62184373
2025-02-02 05:49:20,315 - WARNING - No recordings found for ISRC BXG6R2300280
2025-02-02 05:49:27,135 - WARNING - No recordings found for ISRC GBARL2400420
2025-02-02 05:49:28,827 - WARNING - No recordings found for ISRC THW092201719
2025-02-02 05:49:34,258 - WARNING - No recordings found for ISRC HKK972235335
2025-02-02 05:49:39,681 - WARNING - No recordings found for ISRC BXW922400001
2025-02-02 05:49:44,873 - WARNING - No recordings found for ISRC QM4TX1990759
2025-02-02 05:49:51,878 - WARNING - No recordings found for ISRC US38Y2304586
2025-02-02 05:49:55,264 - WARNING - No recordings found for ISRC ZA56E2305137
2025-02-02 05:50:04,030 - WARNING - No recordings found for ISRC TCAHN2316445
2025-02-02 05:50:05,721 - WARNING - No recordings found for ISRC AEA0Q2376389
2025-02-02 05:50:21,089 - WARNING - No recordings found for ISRC QZLBC2302548
2025-02-02 05:50:27,929 - WARNING - No recordings found for ISRC IND292208377
2025-02-02 05:50:31,327 - WARNING - No recordings found for ISRC INS171806873
2025-02-02 05:50:36,432 - WARNING - No recordings found for ISRC INE241800060
2025-02-02 05:50:41,527 - WARNING - No recordings found for ISRC QZNWQ2336916
2025-02-02 05:50:50,206 - WARNING - No recordings found for ISRC UYB282379007
2025-02-02 05:50:51,895 - WARNING - No recordings found for ISRC USA2P2420093
2025-02-02 05:51:00,483 - WARNING - No recordings found for ISRC QM6N22432504
2025-02-02 05:51:05,578 - WARNING - No recordings found for ISRC FR10S1963992
2025-02-02 05:51:14,138 - WARNING - No recordings found for ISRC FRX282404287
2025-02-02 05:51:17,527 - WARNING - No recordings found for ISRC BXW922200001
2025-02-02 05:51:22,620 - WARNING - No recordings found for ISRC QZ5AB2358733
2025-02-02 05:51:36,410 - WARNING - No recordings found for ISRC QZDYA1800021
2025-02-02 05:51:41,671 - WARNING - No recordings found for ISRC USSD12000059
2025-02-02 05:51:45,274 - WARNING - No recordings found for ISRC CA5KR2466583
2025-02-02 05:52:02,468 - WARNING - No recordings found for ISRC ITI022200181
2025-02-02 05:52:05,853 - WARNING - No recordings found for ISRC ESA012082771
2025-02-02 05:52:14,367 - WARNING - No recordings found for ISRC VNA1M2204855
2025-02-02 05:52:19,454 - WARNING - No recordings found for ISRC GBPVV2204622
2025-02-02 05:52:23,040 - WARNING - No recordings found for ISRC BXI8I2100073
2025-02-02 05:52:31,706 - WARNING - No recordings found for ISRC NGA3B2201001
2025-02-02 05:52:33,394 - WARNING - No recordings found for ISRC UKKTQ2200011
2025-02-02 05:52:36,818 - WARNING - No recordings found for ISRC VNA0R1989249
2025-02-02 05:52:40,367 - WARNING - No recordings found for ISRC IDA832200929
2025-02-02 05:52:43,776 - WARNING - No recordings found for ISRC SE6SA2261140
2025-02-02 05:52:47,291 - WARNING - No recordings found for ISRC SGB502102465
2025-02-02 05:52:48,981 - WARNING - No recordings found for ISRC USA172010502
2025-02-02 05:52:52,474 - WARNING - No recordings found for ISRC QZ9QQ2300794
2025-02-02 05:53:04,417 - WARNING - No recordings found for ISRC US2BU2001211
2025-02-02 05:53:13,047 - WARNING - No recordings found for ISRC QZFZ72288773
2025-02-02 05:53:14,746 - WARNING - No recordings found for ISRC ZZOPM2342242
2025-02-02 05:53:16,438 - WARNING - No recordings found for ISRC QZDQH1832675
2025-02-02 05:53:35,270 - WARNING - No recordings found for ISRC BCII12200001
2025-02-02 05:53:47,376 - WARNING - No recordings found for ISRC DEH742211994
2025-02-02 05:53:49,076 - WARNING - No recordings found for ISRC QM6P42213591
2025-02-02 05:53:50,770 - WARNING - No recordings found for ISRC QM6MZ2220000
2025-02-02 05:53:56,059 - WARNING - No recordings found for ISRC BRS4R2000060
2025-02-02 05:54:04,755 - WARNING - No recordings found for ISRC INS182100158
2025-02-02 05:54:06,447 - WARNING - No recordings found for ISRC QZSYP2394390
2025-02-02 05:54:13,595 - WARNING - No recordings found for ISRC QMBZ92299094
2025-02-02 05:54:15,288 - WARNING - No recordings found for ISRC USUM72404366
2025-02-02 05:54:18,686 - WARNING - No recordings found for ISRC FR6F32334310
2025-02-02 05:54:20,374 - WARNING - No recordings found for ISRC USSD12000609
2025-02-02 05:54:23,924 - WARNING - No recordings found for ISRC ARF061501325
2025-02-02 05:54:34,483 - WARNING - No recordings found for ISRC QZ2J21500186
2025-02-02 05:54:41,432 - WARNING - No recordings found for ISRC SGB502231047
2025-02-02 05:54:46,542 - WARNING - No recordings found for ISRC NLD141100088
2025-02-02 05:54:53,360 - WARNING - No recordings found for ISRC FRX762205380
2025-02-02 05:55:07,043 - WARNING - No recordings found for ISRC TRAUR2300059
2025-02-02 05:55:10,451 - WARNING - No recordings found for ISRC QZES82389788
2025-02-02 05:55:17,251 - WARNING - No recordings found for ISRC CLA1D2400046
2025-02-02 05:55:20,710 - WARNING - No recordings found for ISRC USRC11901068
2025-02-02 05:55:22,409 - WARNING - No recordings found for ISRC INS182401441
2025-02-02 05:55:34,475 - WARNING - No recordings found for ISRC QM4TW1972660
2025-02-02 05:55:36,168 - WARNING - No recordings found for ISRC DGA052326707
2025-02-02 05:55:42,976 - WARNING - No recordings found for ISRC BRWMB2300660
2025-02-02 05:55:49,778 - WARNING - No recordings found for ISRC USA2P2128140
2025-02-02 05:55:55,048 - WARNING - No recordings found for ISRC ITC152220010
2025-02-02 05:56:00,290 - WARNING - No recordings found for ISRC INS181802318
2025-02-02 05:56:07,102 - WARNING - No recordings found for ISRC BRP8C1200047
2025-02-02 05:56:10,567 - WARNING - No recordings found for ISRC USSD12300732
2025-02-02 05:56:25,926 - WARNING - No recordings found for ISRC QZDA52012875
2025-02-02 05:56:34,423 - WARNING - No recordings found for ISRC DGA0L2397076
2025-02-02 05:56:44,633 - WARNING - No recordings found for ISRC INE182439277
2025-02-02 05:56:46,331 - WARNING - No recordings found for ISRC FRX872472215
2025-02-02 05:56:48,023 - WARNING - No recordings found for ISRC TCAFK2171359
2025-02-02 05:56:55,025 - WARNING - No recordings found for ISRC US39N2300484
2025-02-02 05:57:10,812 - WARNING - No recordings found for ISRC USL4Q2261458
2025-02-02 05:57:14,235 - WARNING - No recordings found for ISRC BK4DA2403089
2025-02-02 05:57:15,931 - WARNING - No recordings found for ISRC QZWA32200524
2025-02-02 05:57:17,649 - WARNING - No recordings found for ISRC USUM72302519
2025-02-02 05:57:31,400 - WARNING - No recordings found for ISRC INS171806603
2025-02-02 05:57:41,933 - WARNING - No recordings found for ISRC CH7819500531
2025-02-02 05:57:47,043 - WARNING - No recordings found for ISRC SGB502230698
2025-02-02 05:57:53,998 - WARNING - No recordings found for ISRC USRC11801716
2025-02-02 05:57:57,468 - WARNING - No recordings found for ISRC DEF272335104
2025-02-02 05:58:00,859 - WARNING - No recordings found for ISRC QZYYM2300004
2025-02-02 05:58:02,570 - WARNING - No recordings found for ISRC DGA062247225
2025-02-02 05:58:09,391 - WARNING - No recordings found for ISRC ARF060903046
2025-02-02 05:58:11,079 - WARNING - No recordings found for ISRC USHM21919246
2025-02-02 05:58:12,773 - WARNING - No recordings found for ISRC QM4TX2443952
2025-02-02 05:58:25,009 - WARNING - No recordings found for ISRC TCADM1875911
2025-02-02 05:58:33,567 - WARNING - No recordings found for ISRC FR81J2300013
2025-02-02 05:58:36,965 - WARNING - No recordings found for ISRC NL4LA2300002
2025-02-02 05:58:40,360 - WARNING - No recordings found for ISRC QMFME2377602
2025-02-02 05:58:42,072 - WARNING - No recordings found for ISRC USQX91901641
2025-02-02 05:58:48,889 - WARNING - No recordings found for ISRC QZNJZ2390819
2025-02-02 05:59:00,796 - WARNING - No recordings found for ISRC QZNWT2449758
2025-02-02 05:59:02,483 - WARNING - No recordings found for ISRC QZDA82340022
2025-02-02 05:59:14,575 - WARNING - No recordings found for ISRC FR0Z50033946
2025-02-02 05:59:19,698 - WARNING - No recordings found for ISRC USUYG1329885
2025-02-02 05:59:26,911 - WARNING - No recordings found for ISRC QMT571100025
2025-02-02 05:59:33,818 - WARNING - No recordings found for ISRC INS172104096
2025-02-02 05:59:37,355 - WARNING - No recordings found for ISRC FR10S2137488
2025-02-02 05:59:40,756 - WARNING - No recordings found for ISRC QZNWV2289511
2025-02-02 05:59:47,544 - WARNING - No recordings found for ISRC QMFME2196017
2025-02-02 05:59:49,234 - WARNING - No recordings found for ISRC LBA0H2009248
2025-02-02 05:59:50,924 - WARNING - No recordings found for ISRC QZNWY2151576
2025-02-02 05:59:54,332 - WARNING - No recordings found for ISRC CLAA22300335
2025-02-02 05:59:56,024 - WARNING - No recordings found for ISRC QMFME2103846
2025-02-02 06:00:03,005 - WARNING - No recordings found for ISRC QZW9K2346702
2025-02-02 06:00:04,699 - WARNING - No recordings found for ISRC FR10S2436039
2025-02-02 06:00:06,388 - WARNING - No recordings found for ISRC RUA1D2117031
2025-02-02 06:00:08,081 - WARNING - No recordings found for ISRC USA2P2304907
2025-02-02 06:00:09,787 - WARNING - No recordings found for ISRC USA2P2363165
2025-02-02 06:00:15,058 - WARNING - No recordings found for ISRC QZPLS2305099
2025-02-02 06:00:30,413 - WARNING - No recordings found for ISRC QZTB62239239
2025-02-02 06:00:38,952 - WARNING - No recordings found for ISRC QZMFV2000234
2025-02-02 06:00:49,578 - WARNING - No recordings found for ISRC USSM12404528
2025-02-02 06:00:54,704 - WARNING - No recordings found for ISRC QZYHM2416383
2025-02-02 06:00:59,810 - WARNING - No recordings found for ISRC USC4R2334181
2025-02-02 06:01:03,211 - WARNING - No recordings found for ISRC USWL12100447
2025-02-02 06:01:06,609 - WARNING - No recordings found for ISRC SEY491300006
2025-02-02 06:01:13,552 - WARNING - No recordings found for ISRC GBARL2400393
2025-02-02 06:01:23,792 - WARNING - No recordings found for ISRC TCACU1692618
2025-02-02 06:01:25,484 - WARNING - No recordings found for ISRC QMBZ92275950
2025-02-02 06:01:30,594 - WARNING - No recordings found for ISRC ES71G2217944
2025-02-02 06:01:32,317 - WARNING - No recordings found for ISRC BRWMB2400226
2025-02-02 06:01:37,420 - WARNING - No recordings found for ISRC BCTOE2100085
2025-02-02 06:01:39,132 - WARNING - No recordings found for ISRC BCSUV2303160
2025-02-02 06:01:40,822 - WARNING - No recordings found for ISRC GBUM72208113
2025-02-02 06:01:51,032 - WARNING - No recordings found for ISRC QZ7B81700010
2025-02-02 06:01:56,294 - WARNING - No recordings found for ISRC QZK6L2004258
2025-02-02 06:01:59,685 - WARNING - No recordings found for ISRC USSM22301758
2025-02-02 06:02:01,383 - WARNING - No recordings found for ISRC QZLBC2302779
2025-02-02 06:02:10,228 - WARNING - No recordings found for ISRC QZW9K2261810
2025-02-02 06:02:17,192 - WARNING - No recordings found for ISRC FR2X41995983
2025-02-02 06:02:20,596 - WARNING - No recordings found for ISRC GX7852400218
2025-02-02 06:02:29,113 - WARNING - No recordings found for ISRC USRH11200639
2025-02-02 06:02:34,224 - WARNING - No recordings found for ISRC THSOH2302594
2025-02-02 06:02:41,053 - WARNING - No recordings found for ISRC TCAGE2246215
2025-02-02 06:02:46,243 - WARNING - No recordings found for ISRC USCGH2142682
2025-02-02 06:02:49,805 - WARNING - No recordings found for ISRC USANG2216030
2025-02-02 06:02:51,506 - WARNING - No recordings found for ISRC US3DF2266823
2025-02-02 06:02:54,898 - WARNING - No recordings found for ISRC IDUM72200112
2025-02-02 06:03:17,062 - WARNING - No recordings found for ISRC FRDKW2208796
2025-02-02 06:03:20,620 - WARNING - No recordings found for ISRC QZNB82432154
2025-02-02 06:03:24,015 - WARNING - No recordings found for ISRC FR6F32335350
2025-02-02 06:03:27,418 - WARNING - No recordings found for ISRC DEEC33500883
2025-02-02 06:03:37,959 - WARNING - No recordings found for ISRC TRCGH2300003
2025-02-02 06:03:39,660 - WARNING - No recordings found for ISRC FR10S2273417
2025-02-02 06:03:49,867 - WARNING - No recordings found for ISRC SGUM72201016
2025-02-02 06:03:56,962 - WARNING - No recordings found for ISRC TCAEQ2022365
2025-02-02 06:03:58,659 - WARNING - No recordings found for ISRC MXUM71602301
2025-02-02 06:04:02,055 - WARNING - No recordings found for ISRC QZDQH2301118
2025-02-02 06:04:05,599 - WARNING - No recordings found for ISRC BRYXJ1400006
2025-02-02 06:04:08,988 - WARNING - No recordings found for ISRC QZDQH2203589
2025-02-02 06:04:10,693 - WARNING - No recordings found for ISRC FR96X2235010
2025-02-02 06:04:12,391 - WARNING - No recordings found for ISRC QZW9N2239197
2025-02-02 06:04:15,774 - WARNING - No recordings found for ISRC USWL12100336
2025-02-02 06:04:19,181 - WARNING - No recordings found for ISRC UYB282201026
2025-02-02 06:04:27,849 - WARNING - No recordings found for ISRC DGA052307798
2025-02-02 06:04:36,375 - WARNING - No recordings found for ISRC FR9W12136756
2025-02-02 06:04:38,069 - WARNING - No recordings found for ISRC USAT22400763
2025-02-02 06:04:41,463 - WARNING - No recordings found for ISRC US58E1700584
2025-02-02 06:04:53,625 - WARNING - No recordings found for ISRC RUA322205221
2025-02-02 06:05:02,221 - WARNING - No recordings found for ISRC QZTPX2259995
2025-02-02 06:05:09,189 - WARNING - No recordings found for ISRC AEA2M2372385
2025-02-02 06:05:19,378 - WARNING - No recordings found for ISRC USR3R2200084
2025-02-02 06:05:21,067 - WARNING - No recordings found for ISRC ZA56E2201859
2025-02-02 06:05:24,462 - WARNING - No recordings found for ISRC VNA112300865
2025-02-02 06:05:31,421 - WARNING - No recordings found for ISRC QZNJV2319366
2025-02-02 06:05:34,820 - WARNING - No recordings found for ISRC USSD12100347
2025-02-02 06:05:36,515 - WARNING - No recordings found for ISRC QM6MZ2302420
2025-02-02 06:05:50,297 - WARNING - No recordings found for ISRC TRSVN2485301
2025-02-02 06:05:53,685 - WARNING - No recordings found for ISRC QM4TX2289725
2025-02-02 06:05:57,251 - WARNING - No recordings found for ISRC ING642403642
2025-02-02 06:05:58,945 - WARNING - No recordings found for ISRC QZ5AB2388250
2025-02-02 06:06:26,391 - WARNING - No recordings found for ISRC QM6N22220696
2025-02-02 06:06:38,517 - WARNING - No recordings found for ISRC QM6MZ2472476
2025-02-02 06:06:40,215 - WARNING - No recordings found for ISRC INS402100006
2025-02-02 06:06:45,303 - WARNING - No recordings found for ISRC QZMZ92162594
2025-02-02 06:06:57,218 - WARNING - No recordings found for ISRC US3DF2408834
2025-02-02 06:07:00,609 - WARNING - No recordings found for ISRC QZEQU2246860
2025-02-02 06:07:04,049 - WARNING - No recordings found for ISRC BC8182300165
2025-02-02 06:07:05,740 - WARNING - No recordings found for ISRC NL9KR2313387
2025-02-02 06:07:07,439 - WARNING - No recordings found for ISRC QZ5FN1767793
2025-02-02 06:07:09,141 - WARNING - No recordings found for ISRC US7VG2308218
2025-02-02 06:07:17,799 - WARNING - No recordings found for ISRC EGA262306597
2025-02-02 06:07:21,198 - WARNING - No recordings found for ISRC SGB502272288
2025-02-02 06:07:54,116 - WARNING - No recordings found for ISRC QMBZ91375750
2025-02-02 06:07:55,809 - WARNING - No recordings found for ISRC ARIXB2300676
2025-02-02 06:07:57,524 - WARNING - No recordings found for ISRC INS182000006
2025-02-02 06:07:59,217 - WARNING - No recordings found for ISRC DGA0R2315475
2025-02-02 06:08:04,509 - WARNING - No recordings found for ISRC FR2X42282198
2025-02-02 06:08:07,897 - WARNING - No recordings found for ISRC QM6N22481184
2025-02-02 06:08:20,105 - WARNING - No recordings found for ISRC QM24S1804919
2025-02-02 06:08:25,220 - WARNING - No recordings found for ISRC DEE862301847
2025-02-02 06:08:26,915 - WARNING - No recordings found for ISRC QZDQH2160812
2025-02-02 06:08:28,614 - WARNING - No recordings found for ISRC SGB502303557
2025-02-02 06:08:47,778 - WARNING - No recordings found for ISRC FRX202154470
2025-02-02 06:08:58,482 - WARNING - No recordings found for ISRC BXZAW2200037
2025-02-02 06:09:00,220 - WARNING - No recordings found for ISRC FR6P12300670
2025-02-02 06:09:05,300 - WARNING - No recordings found for ISRC INS182006492
2025-02-02 06:09:06,994 - WARNING - No recordings found for ISRC AUNV01400494
2025-02-02 06:09:17,218 - WARNING - No recordings found for ISRC QZGLM2048244
2025-02-02 06:09:18,922 - WARNING - No recordings found for ISRC QZK6G2124199
2025-02-02 06:09:20,615 - WARNING - No recordings found for ISRC INSD11900523
2025-02-02 06:09:29,308 - WARNING - No recordings found for ISRC FRX762160980
2025-02-02 06:09:48,623 - WARNING - No recordings found for ISRC RUA1D2023452
2025-02-02 06:09:50,318 - WARNING - No recordings found for ISRC EGA252103733
2025-02-02 06:09:52,005 - WARNING - No recordings found for ISRC UYB282300006
2025-02-02 06:09:55,408 - WARNING - No recordings found for ISRC USUM72117129
2025-02-02 06:09:57,136 - WARNING - No recordings found for ISRC AUGBT2300497
2025-02-02 06:10:00,545 - WARNING - No recordings found for ISRC NL9KR2308498
2025-02-02 06:10:03,971 - WARNING - No recordings found for ISRC INZ031414619
2025-02-02 06:10:09,124 - WARNING - No recordings found for ISRC QZNWX2385075
2025-02-02 06:10:12,557 - WARNING - No recordings found for ISRC TCJPU2360314
2025-02-02 06:10:14,253 - WARNING - No recordings found for ISRC FR96X2437119
2025-02-02 06:10:15,951 - WARNING - No recordings found for ISRC QZLMG2000292
2025-02-02 06:10:21,397 - WARNING - No recordings found for ISRC US38Y2409882
2025-02-02 06:10:23,090 - WARNING - No recordings found for ISRC USA2P2308597
2025-02-02 06:10:52,981 - WARNING - No recordings found for ISRC QM9WM1800095
2025-02-02 06:10:54,677 - WARNING - No recordings found for ISRC INT101800121
2025-02-02 06:11:01,677 - WARNING - No recordings found for ISRC USUG12202078
2025-02-02 06:11:05,070 - WARNING - No recordings found for ISRC QZW9K2296922
2025-02-02 06:11:08,509 - WARNING - No recordings found for ISRC UKSWX1900031
2025-02-02 06:11:18,931 - WARNING - No recordings found for ISRC FR10S2303559
2025-02-02 06:11:20,698 - WARNING - No recordings found for ISRC QZQAY2314815
2025-02-02 06:11:24,098 - WARNING - No recordings found for ISRC GBLFP2046094
2025-02-02 06:11:34,541 - WARNING - No recordings found for ISRC TCAGR2271048
2025-02-02 06:11:36,237 - WARNING - No recordings found for ISRC FR96X2303731
2025-02-02 06:11:43,053 - WARNING - No recordings found for ISRC INH102405594
2025-02-02 06:11:44,755 - WARNING - No recordings found for ISRC RUB422401359
2025-02-02 06:11:46,453 - WARNING - No recordings found for ISRC QM8DG1703420
2025-02-02 06:11:48,153 - WARNING - No recordings found for ISRC INT101800122
2025-02-02 07:08:54,727 - ERROR - No such comm target registered: jupyter.widget.control
2025-02-02 07:08:54,732 - WARNING - No such comm: 2f44289c-e327-402d-a7ea-af937c63ff3f
2025-02-02 07:14:59,347 - ERROR - No such comm target registered: jupyter.widget.control
2025-02-02 07:14:59,352 - WARNING - No such comm: 2f7c221c-9bbf-47d5-a24a-81f1725f77a6
2025-02-02 07:24:58,364 - ERROR - No such comm target registered: jupyter.widget.control
2025-02-02 07:24:58,369 - WARNING - No such comm: 718b3b7c-cc6e-44bc-85fc-248345a30568
2025-02-02 07:34:41,692 - ERROR - No such comm target registered: jupyter.widget.control
2025-02-02 07:34:41,697 - WARNING - No such comm: 9872fc7f-ce67-4b93-bc70-617b2be42e8e
2025-02-02 07:55:03,900 - ERROR - No such comm target registered: jupyter.widget.control
2025-02-02 07:55:03,904 - WARNING - No such comm: 596d339b-baa0-45d3-84b0-978712113cd0
2025-02-02 08:05:02,347 - ERROR - No such comm target registered: jupyter.widget.control
2025-02-02 08:05:02,352 - WARNING - No such comm: 6f07280a-dbdb-4911-9149-0e1498cee8f1
2025-02-02 08:07:20,675 - ERROR - No such comm target registered: jupyter.widget.control
2025-02-02 08:07:20,679 - WARNING - No such comm: 4bd33f80-4bcd-4e04-82c9-e0c089f73150
2025-02-02 08:18:39,357 - ERROR - No such comm target registered: jupyter.widget.control
2025-02-02 08:18:39,362 - WARNING - No such comm: 89f41345-48b9-4076-8d18-b775c19923c8
2025-02-02 08:34:44,445 - ERROR - No such comm target registered: jupyter.widget.control
2025-02-02 08:34:44,449 - WARNING - No such comm: 9cb09e7b-f1da-42f0-9d80-3ca066bcbf03
2025-02-02 08:48:36,546 - ERROR - No such comm target registered: jupyter.widget.control
2025-02-02 08:48:36,550 - WARNING - No such comm: 61988915-f2e4-44b2-85f6-328efa096580
